{"durationMs":1113,"ip":"::1","level":"info","message":"HTTP Request","method":"GET","statusCode":200,"timestamp":"2026-01-22 10:26:58","url":"/api/stripe/connect/status","userId":"6964e16e058c4379c161c247"}
{"durationMs":40,"ip":"::1","level":"info","message":"HTTP Request","method":"GET","statusCode":200,"timestamp":"2026-01-22 10:26:58","url":"/api/admin/vehicle-types","userId":"guest"}
{"durationMs":15,"ip":"::1","level":"info","message":"HTTP Request","method":"GET","statusCode":200,"timestamp":"2026-01-22 10:26:58","url":"/uploads/vehicle-types/vehicle-type-1768219600468.jpg","userId":"guest"}
{"durationMs":34,"ip":"::1","level":"info","message":"HTTP Request","method":"GET","statusCode":200,"timestamp":"2026-01-22 10:26:58","url":"/uploads/vehicle-types/vehicle-type-1768219528392.jpg","userId":"guest"}
{"durationMs":46,"ip":"::1","level":"info","message":"HTTP Request","method":"GET","statusCode":200,"timestamp":"2026-01-22 10:26:58","url":"/uploads/vehicle-types/vehicle-type-1768309158847.jpg","userId":"guest"}
{"durationMs":56,"ip":"::1","level":"info","message":"HTTP Request","method":"GET","statusCode":200,"timestamp":"2026-01-22 10:26:58","url":"/uploads/vehicle-types/vehicle-type-1768308899496.jpg","userId":"guest"}
{"durationMs":206,"ip":"::1","level":"info","message":"HTTP Request","method":"GET","statusCode":200,"timestamp":"2026-01-22 10:26:58","url":"/api/vehicles/approved/types","userId":"6964e16e058c4379c161c247"}
{"durationMs":235,"ip":"::1","level":"info","message":"HTTP Request","method":"GET","statusCode":200,"timestamp":"2026-01-22 10:26:58","url":"/api/vehicles/approved","userId":"6964e16e058c4379c161c247"}
{"durationMs":748,"ip":"::1","level":"info","message":"HTTP Request","method":"GET","statusCode":304,"timestamp":"2026-01-22 10:26:59","url":"/api/stripe/connect/status","userId":"6964e16e058c4379c161c247"}
{"durationMs":118,"ip":"::1","level":"info","message":"HTTP Request","method":"GET","statusCode":200,"timestamp":"2026-01-22 10:27:15","url":"/api/bookings/my","userId":"6964e16e058c4379c161c247"}
{"durationMs":146,"ip":"::1","level":"info","message":"HTTP Request","method":"GET","statusCode":200,"timestamp":"2026-01-22 10:27:15","url":"/api/rides/my-publications","userId":"6964e16e058c4379c161c247"}
{"durationMs":15,"ip":"::1","level":"info","message":"HTTP Request","method":"GET","statusCode":304,"timestamp":"2026-01-22 10:27:18","url":"/api/rides/my-publications","userId":"6964e16e058c4379c161c247"}
{"durationMs":157,"ip":"::1","level":"info","message":"HTTP Request","method":"GET","statusCode":200,"timestamp":"2026-01-22 10:27:23","url":"/api/rides/my-publication/696f5efb676097ae2dbd70c9","userId":"6964e16e058c4379c161c247"}
{"durationMs":23,"ip":"::1","level":"info","message":"HTTP Request","method":"GET","statusCode":304,"timestamp":"2026-01-22 10:27:36","url":"/api/rides/my-publications","userId":"6964e16e058c4379c161c247"}
{"durationMs":40,"ip":"::1","level":"info","message":"HTTP Request","method":"GET","statusCode":304,"timestamp":"2026-01-22 10:27:36","url":"/api/bookings/my","userId":"6964e16e058c4379c161c247"}
{"durationMs":647,"ip":"::1","level":"info","message":"HTTP Request","method":"GET","statusCode":304,"timestamp":"2026-01-22 10:27:37","url":"/api/stripe/connect/status","userId":"6964e16e058c4379c161c247"}
{"durationMs":10,"ip":"::1","level":"info","message":"HTTP Request","method":"GET","statusCode":304,"timestamp":"2026-01-22 10:27:37","url":"/uploads/vehicle-types/vehicle-type-1768219528392.jpg","userId":"guest"}
{"durationMs":12,"ip":"::1","level":"info","message":"HTTP Request","method":"GET","statusCode":304,"timestamp":"2026-01-22 10:27:37","url":"/uploads/vehicle-types/vehicle-type-1768219600468.jpg","userId":"guest"}
{"durationMs":13,"ip":"::1","level":"info","message":"HTTP Request","method":"GET","statusCode":304,"timestamp":"2026-01-22 10:27:37","url":"/uploads/vehicle-types/vehicle-type-1768308899496.jpg","userId":"guest"}
{"durationMs":14,"ip":"::1","level":"info","message":"HTTP Request","method":"GET","statusCode":304,"timestamp":"2026-01-22 10:27:37","url":"/uploads/vehicle-types/vehicle-type-1768309158847.jpg","userId":"guest"}
{"durationMs":13,"ip":"::1","level":"info","message":"HTTP Request","method":"GET","statusCode":304,"timestamp":"2026-01-22 10:27:37","url":"/api/admin/vehicle-types","userId":"guest"}
{"durationMs":45,"ip":"::1","level":"info","message":"HTTP Request","method":"GET","statusCode":304,"timestamp":"2026-01-22 10:27:38","url":"/api/vehicles/approved/types","userId":"6964e16e058c4379c161c247"}
{"durationMs":58,"ip":"::1","level":"info","message":"HTTP Request","method":"GET","statusCode":304,"timestamp":"2026-01-22 10:27:38","url":"/api/vehicles/approved","userId":"6964e16e058c4379c161c247"}
{"durationMs":638,"ip":"::1","level":"info","message":"HTTP Request","method":"GET","statusCode":304,"timestamp":"2026-01-22 10:27:38","url":"/api/stripe/connect/status","userId":"6964e16e058c4379c161c247"}
{"durationMs":46,"ip":"::1","level":"info","message":"HTTP Request","method":"GET","statusCode":304,"timestamp":"2026-01-22 11:32:22","url":"/api/rides/my-publications","userId":"6964e16e058c4379c161c247"}
{"durationMs":98,"ip":"::1","level":"info","message":"HTTP Request","method":"GET","statusCode":304,"timestamp":"2026-01-22 11:32:22","url":"/api/bookings/my","userId":"6964e16e058c4379c161c247"}
{"durationMs":13,"ip":"::1","level":"info","message":"HTTP Request","method":"GET","statusCode":304,"timestamp":"2026-01-22 11:32:23","url":"/api/rides/my-publications","userId":"6964e16e058c4379c161c247"}
{"durationMs":270,"ip":"::1","level":"info","message":"HTTP Request","method":"GET","statusCode":200,"timestamp":"2026-01-22 11:32:59","url":"/api/rides/search?fromLat=19.054999&fromLng=72.8692035&toLat=15.3004543&toLng=74.0855134&date=2026-02-02&passengers=1","userId":"guest"}
{"durationMs":4,"ip":"::1","level":"info","message":"HTTP Request","method":"GET","statusCode":404,"timestamp":"2026-01-22 11:33:02","url":"/api/rides/696f5efb676097ae2dbd70c9","userId":"guest"}
{"durationMs":3,"ip":"::1","level":"info","message":"HTTP Request","method":"GET","statusCode":404,"timestamp":"2026-01-22 11:33:03","url":"/api/rides/696f5efb676097ae2dbd70c9","userId":"guest"}
{"durationMs":2,"ip":"::1","level":"info","message":"HTTP Request","method":"GET","statusCode":404,"timestamp":"2026-01-22 11:33:47","url":"/api/rides/696f5efb676097ae2dbd70c9","userId":"guest"}
{"durationMs":3,"ip":"::1","level":"info","message":"HTTP Request","method":"GET","statusCode":404,"timestamp":"2026-01-22 11:33:48","url":"/api/rides/696f5efb676097ae2dbd70c9","userId":"guest"}
{"durationMs":228,"ip":"::1","level":"info","message":"HTTP Request","method":"GET","statusCode":304,"timestamp":"2026-01-22 11:34:51","url":"/api/rides/search?fromLat=19.054999&fromLng=72.8692035&toLat=15.3004543&toLng=74.0855134&date=2026-02-02&passengers=1","userId":"guest"}
{"durationMs":2,"ip":"::1","level":"info","message":"HTTP Request","method":"GET","statusCode":404,"timestamp":"2026-01-22 11:34:58","url":"/api/rides/696f5efb676097ae2dbd70c9","userId":"guest"}
{"durationMs":3,"ip":"::1","level":"info","message":"HTTP Request","method":"GET","statusCode":404,"timestamp":"2026-01-22 11:34:59","url":"/api/rides/696f5efb676097ae2dbd70c9","userId":"guest"}
{"durationMs":1,"ip":"::1","level":"info","message":"HTTP Request","method":"GET","statusCode":404,"timestamp":"2026-01-22 11:36:21","url":"/api/rides/696f5efb676097ae2dbd70c9","userId":"guest"}
{"durationMs":140,"ip":"::1","level":"info","message":"HTTP Request","method":"GET","statusCode":200,"timestamp":"2026-01-22 11:36:22","url":"/api/rides/696f5efb676097ae2dbd70c9/details","userId":"guest"}
{"ip":"::1","level":"error","message":"Unhandled Error You cannot book your own ride","method":"POST","stack":"Error: You cannot book your own ride\n    at prepareBooking (file:///C:/Users/Aman/Desktop/CS_SOFT/MERN/blablacar-clone/backend/src/controllers/bookingController.js:25:17)\n    at process.processTicksAndRejections (node:internal/process/task_queues:105:5)","statusCode":403,"timestamp":"2026-01-22 11:36:32","url":"/api/bookings/prepare","userId":"6964e16e058c4379c161c247"}
{"durationMs":65,"ip":"::1","level":"info","message":"HTTP Request","method":"POST","statusCode":403,"timestamp":"2026-01-22 11:36:32","url":"/api/bookings/prepare","userId":"6964e16e058c4379c161c247"}
{"durationMs":149,"ip":"::1","level":"info","message":"HTTP Request","method":"POST","statusCode":200,"timestamp":"2026-01-22 11:56:34","url":"/api/auth/login","userId":"guest"}
{"durationMs":108,"ip":"::1","level":"info","message":"HTTP Request","method":"GET","statusCode":200,"timestamp":"2026-01-22 11:56:38","url":"/api/admin/revenue/summary","userId":"695cf50b24a708a4d3bbd8c8"}
{"durationMs":97,"ip":"::1","level":"info","message":"HTTP Request","method":"GET","statusCode":200,"timestamp":"2026-01-22 11:56:38","url":"/api/admin/revenue/timeline?range=30","userId":"695cf50b24a708a4d3bbd8c8"}
{"durationMs":116,"ip":"::1","level":"info","message":"HTTP Request","method":"GET","statusCode":200,"timestamp":"2026-01-22 11:56:38","url":"/api/admin/revenue/transactions?page=1&limit=20","userId":"695cf50b24a708a4d3bbd8c8"}
{"durationMs":73,"ip":"::1","level":"info","message":"HTTP Request","method":"GET","statusCode":200,"timestamp":"2026-01-22 11:57:56","url":"/api/admin/rides","userId":"695cf50b24a708a4d3bbd8c8"}
{"durationMs":185,"ip":"::1","level":"info","message":"HTTP Request","method":"GET","statusCode":200,"timestamp":"2026-01-22 11:58:00","url":"/api/admin/rides/696f5efb676097ae2dbd70c9","userId":"695cf50b24a708a4d3bbd8c8"}
{"durationMs":21,"ip":"::1","level":"info","message":"HTTP Request","method":"GET","statusCode":304,"timestamp":"2026-01-22 11:58:11","url":"/api/admin/rides","userId":"695cf50b24a708a4d3bbd8c8"}
{"durationMs":10,"ip":"::1","level":"info","message":"HTTP Request","method":"GET","statusCode":200,"timestamp":"2026-01-22 12:02:02","url":"/api/admin/vehicles/pending","userId":"695cf50b24a708a4d3bbd8c8"}
{"durationMs":26,"ip":"::1","level":"info","message":"HTTP Request","method":"GET","statusCode":304,"timestamp":"2026-01-22 12:02:03","url":"/api/admin/rides","userId":"695cf50b24a708a4d3bbd8c8"}
{"durationMs":21,"ip":"::1","level":"info","message":"HTTP Request","method":"GET","statusCode":304,"timestamp":"2026-01-22 12:02:05","url":"/api/admin/revenue/summary","userId":"695cf50b24a708a4d3bbd8c8"}
{"durationMs":22,"ip":"::1","level":"info","message":"HTTP Request","method":"GET","statusCode":304,"timestamp":"2026-01-22 12:02:05","url":"/api/admin/revenue/timeline?range=30","userId":"695cf50b24a708a4d3bbd8c8"}
{"durationMs":34,"ip":"::1","level":"info","message":"HTTP Request","method":"GET","statusCode":304,"timestamp":"2026-01-22 12:02:05","url":"/api/admin/revenue/transactions?page=1&limit=20","userId":"695cf50b24a708a4d3bbd8c8"}
{"durationMs":77,"ip":"::1","level":"info","message":"HTTP Request","method":"GET","statusCode":304,"timestamp":"2026-01-22 12:51:05","url":"/api/admin/rides","userId":"695cf50b24a708a4d3bbd8c8"}
{"durationMs":23,"ip":"::1","level":"info","message":"HTTP Request","method":"GET","statusCode":304,"timestamp":"2026-01-22 12:51:07","url":"/api/admin/revenue/summary","userId":"695cf50b24a708a4d3bbd8c8"}
{"durationMs":21,"ip":"::1","level":"info","message":"HTTP Request","method":"GET","statusCode":304,"timestamp":"2026-01-22 12:51:07","url":"/api/admin/revenue/timeline?range=30","userId":"695cf50b24a708a4d3bbd8c8"}
{"durationMs":33,"ip":"::1","level":"info","message":"HTTP Request","method":"GET","statusCode":304,"timestamp":"2026-01-22 12:51:07","url":"/api/admin/revenue/transactions?page=1&limit=20","userId":"695cf50b24a708a4d3bbd8c8"}
{"ip":"::1","level":"error","message":"Unhandled Error Invalid credentials","method":"POST","stack":"Error: Invalid credentials\n    at loginUser (file:///C:/Users/Aman/Desktop/CS_SOFT/MERN/blablacar-clone/backend/src/controllers/authController.js:67:19)","statusCode":401,"timestamp":"2026-01-22 12:57:43","url":"/api/auth/login","userId":"guest"}
{"durationMs":124,"ip":"::1","level":"info","message":"HTTP Request","method":"POST","statusCode":401,"timestamp":"2026-01-22 12:57:43","url":"/api/auth/login","userId":"guest"}
{"documentId":"6971dc84fe6e4f85a87f5f13","level":"info","message":"DB Operation","metadata":{},"model":"User","operation":"CREATE","timestamp":"2026-01-22 13:45:00","userId":"6971dc84fe6e4f85a87f5f13"}
{"durationMs":181,"ip":"::1","level":"info","message":"HTTP Request","method":"POST","statusCode":201,"timestamp":"2026-01-22 13:45:00","url":"/api/auth/register","userId":"guest"}
{"durationMs":94,"ip":"::1","level":"info","message":"HTTP Request","method":"POST","statusCode":200,"timestamp":"2026-01-22 13:45:20","url":"/api/auth/login","userId":"guest"}
{"ip":"::1","level":"error","message":"Unhandled Error Stripe account not created","method":"GET","stack":"Error: Stripe account not created\n    at syncStripeAccountStatus (file:///C:/Users/Aman/Desktop/CS_SOFT/MERN/blablacar-clone/backend/src/controllers/stripeConnectController.js:84:19)\n    at process.processTicksAndRejections (node:internal/process/task_queues:105:5)","statusCode":400,"timestamp":"2026-01-22 16:29:26","url":"/api/stripe/connect/status","userId":"6971dc84fe6e4f85a87f5f13"}
{"durationMs":61,"ip":"::1","level":"info","message":"HTTP Request","method":"GET","statusCode":400,"timestamp":"2026-01-22 16:29:26","url":"/api/stripe/connect/status","userId":"6971dc84fe6e4f85a87f5f13"}
{"ip":"::1","level":"error","message":"Unhandled Error Stripe account not created","method":"GET","stack":"Error: Stripe account not created\n    at syncStripeAccountStatus (file:///C:/Users/Aman/Desktop/CS_SOFT/MERN/blablacar-clone/backend/src/controllers/stripeConnectController.js:84:19)\n    at process.processTicksAndRejections (node:internal/process/task_queues:105:5)","statusCode":400,"timestamp":"2026-01-22 16:29:26","url":"/api/stripe/connect/status","userId":"6971dc84fe6e4f85a87f5f13"}
{"durationMs":11,"ip":"::1","level":"info","message":"HTTP Request","method":"GET","statusCode":400,"timestamp":"2026-01-22 16:29:26","url":"/api/stripe/connect/status","userId":"6971dc84fe6e4f85a87f5f13"}
{"documentId":"6971dc84fe6e4f85a87f5f13","level":"info","message":"DB Operation","metadata":{},"model":"User","operation":"UPDATE","timestamp":"2026-01-22 16:29:31","userId":"6971dc84fe6e4f85a87f5f13"}
{"durationMs":3132,"ip":"::1","level":"info","message":"HTTP Request","method":"POST","statusCode":200,"timestamp":"2026-01-22 16:29:31","url":"/api/stripe/connect/create","userId":"6971dc84fe6e4f85a87f5f13"}
{"durationMs":573,"ip":"::1","level":"info","message":"HTTP Request","method":"POST","statusCode":200,"timestamp":"2026-01-22 16:29:32","url":"/api/stripe/connect/onboarding","userId":"6971dc84fe6e4f85a87f5f13"}
{"durationMs":244,"ip":"::1","level":"info","message":"HTTP Request","method":"GET","statusCode":304,"timestamp":"2026-01-22 16:30:18","url":"/api/rides/search?fromLat=19.054999&fromLng=72.8692035&toLat=15.3004543&toLng=74.0855134&date=2026-02-02&passengers=1","userId":"guest"}
{"durationMs":97,"ip":"::1","level":"info","message":"HTTP Request","method":"GET","statusCode":304,"timestamp":"2026-01-22 16:30:20","url":"/api/rides/696f5efb676097ae2dbd70c9/details","userId":"guest"}
{"durationMs":15,"ip":"::1","level":"info","message":"HTTP Request","method":"GET","statusCode":200,"timestamp":"2026-01-22 16:30:39","url":"/api/bookings/my","userId":"6971dc84fe6e4f85a87f5f13"}
{"durationMs":14,"ip":"::1","level":"info","message":"HTTP Request","method":"GET","statusCode":200,"timestamp":"2026-01-22 16:30:39","url":"/api/rides/my-publications","userId":"6971dc84fe6e4f85a87f5f13"}
{"durationMs":114,"ip":"::1","level":"info","message":"HTTP Request","method":"POST","statusCode":200,"timestamp":"2026-01-22 16:31:29","url":"/api/auth/login","userId":"guest"}
{"durationMs":6,"ip":"::1","level":"info","message":"HTTP Request","method":"GET","statusCode":304,"timestamp":"2026-01-22 16:31:31","url":"/api/admin/vehicle-types","userId":"guest"}
{"durationMs":9,"ip":"::1","level":"info","message":"HTTP Request","method":"GET","statusCode":304,"timestamp":"2026-01-22 16:31:31","url":"/uploads/vehicle-types/vehicle-type-1768219528392.jpg","userId":"guest"}
{"durationMs":11,"ip":"::1","level":"info","message":"HTTP Request","method":"GET","statusCode":304,"timestamp":"2026-01-22 16:31:31","url":"/uploads/vehicle-types/vehicle-type-1768219600468.jpg","userId":"guest"}
{"durationMs":11,"ip":"::1","level":"info","message":"HTTP Request","method":"GET","statusCode":304,"timestamp":"2026-01-22 16:31:31","url":"/uploads/vehicle-types/vehicle-type-1768308899496.jpg","userId":"guest"}
{"durationMs":11,"ip":"::1","level":"info","message":"HTTP Request","method":"GET","statusCode":304,"timestamp":"2026-01-22 16:31:31","url":"/uploads/vehicle-types/vehicle-type-1768309158847.jpg","userId":"guest"}
{"durationMs":23,"ip":"::1","level":"info","message":"HTTP Request","method":"GET","statusCode":200,"timestamp":"2026-01-22 16:31:37","url":"/api/admin/seat-templates/6964cda12d82e169faa3ddc8","userId":"guest"}
{"durationMs":3,"ip":"::1","level":"info","message":"HTTP Request","method":"GET","statusCode":304,"timestamp":"2026-01-22 16:31:42","url":"/api/admin/vehicle-types","userId":"guest"}
{"durationMs":4,"ip":"::1","level":"info","message":"HTTP Request","method":"GET","statusCode":304,"timestamp":"2026-01-22 16:31:54","url":"/api/admin/vehicle-types","userId":"guest"}
{"durationMs":4,"ip":"::1","level":"info","message":"HTTP Request","method":"GET","statusCode":200,"timestamp":"2026-01-22 16:31:58","url":"/api/admin/seat-templates/6964d8662d82e169faa3de99","userId":"guest"}
{"durationMs":4,"ip":"::1","level":"info","message":"HTTP Request","method":"GET","statusCode":304,"timestamp":"2026-01-22 16:32:00","url":"/api/admin/vehicle-types","userId":"guest"}
{"durationMs":4,"ip":"::1","level":"info","message":"HTTP Request","method":"GET","statusCode":200,"timestamp":"2026-01-22 16:32:03","url":"/api/admin/seat-templates/696641a63047dd0a27caaed4","userId":"guest"}
{"durationMs":4,"ip":"::1","level":"info","message":"HTTP Request","method":"GET","statusCode":304,"timestamp":"2026-01-22 16:32:10","url":"/api/admin/vehicle-types","userId":"guest"}
{"durationMs":5,"ip":"::1","level":"info","message":"HTTP Request","method":"GET","statusCode":304,"timestamp":"2026-01-22 16:32:27","url":"/api/admin/vehicle-types","userId":"guest"}
{"durationMs":23,"ip":"::1","level":"info","message":"HTTP Request","method":"PUT","statusCode":200,"timestamp":"2026-01-22 16:32:42","url":"/api/admin/vehicle-types/696640a33047dd0a27caaecd","userId":"695cf50b24a708a4d3bbd8c8"}
{"durationMs":3,"ip":"::1","level":"info","message":"HTTP Request","method":"GET","statusCode":200,"timestamp":"2026-01-22 16:32:42","url":"/api/admin/vehicle-types","userId":"guest"}
{"durationMs":2,"ip":"::1","level":"info","message":"HTTP Request","method":"GET","statusCode":200,"timestamp":"2026-01-22 16:32:46","url":"/api/admin/seat-templates/696640a33047dd0a27caaecd","userId":"guest"}
{"durationMs":4,"ip":"::1","level":"info","message":"HTTP Request","method":"GET","statusCode":304,"timestamp":"2026-01-22 16:32:52","url":"/api/admin/vehicle-types","userId":"guest"}
