{"durationMs":79,"ip":"::1","level":"info","message":"HTTP Request","method":"POST","statusCode":200,"timestamp":"2026-01-23 09:43:09","url":"/api/auth/login","userId":"guest"}
{"documentId":"6971dc84fe6e4f85a87f5f13","level":"info","message":"DB Operation","metadata":{},"model":"User","operation":"UPDATE","timestamp":"2026-01-23 09:43:20","userId":"6971dc84fe6e4f85a87f5f13"}
{"durationMs":1040,"ip":"::1","level":"info","message":"HTTP Request","method":"GET","statusCode":200,"timestamp":"2026-01-23 09:43:20","url":"/api/stripe/connect/status","userId":"6971dc84fe6e4f85a87f5f13"}
{"documentId":"6971dc84fe6e4f85a87f5f13","level":"info","message":"DB Operation","metadata":{},"model":"User","operation":"UPDATE","timestamp":"2026-01-23 09:43:21","userId":"6971dc84fe6e4f85a87f5f13"}
{"durationMs":623,"ip":"::1","level":"info","message":"HTTP Request","method":"GET","statusCode":304,"timestamp":"2026-01-23 09:43:21","url":"/api/stripe/connect/status","userId":"6971dc84fe6e4f85a87f5f13"}
{"durationMs":629,"ip":"::1","level":"info","message":"HTTP Request","method":"POST","statusCode":200,"timestamp":"2026-01-23 09:43:24","url":"/api/stripe/connect/onboarding","userId":"6971dc84fe6e4f85a87f5f13"}
{"documentId":"6971dc84fe6e4f85a87f5f13","level":"info","message":"DB Operation","metadata":{},"model":"User","operation":"UPDATE","timestamp":"2026-01-23 09:45:36","userId":"6971dc84fe6e4f85a87f5f13"}
{"durationMs":928,"ip":"::1","level":"info","message":"HTTP Request","method":"GET","statusCode":200,"timestamp":"2026-01-23 09:45:36","url":"/api/stripe/connect/status","userId":"6971dc84fe6e4f85a87f5f13"}
{"documentId":"6971dc84fe6e4f85a87f5f13","level":"info","message":"DB Operation","metadata":{},"model":"User","operation":"UPDATE","timestamp":"2026-01-23 09:45:37","userId":"6971dc84fe6e4f85a87f5f13"}
{"durationMs":682,"ip":"::1","level":"info","message":"HTTP Request","method":"GET","statusCode":304,"timestamp":"2026-01-23 09:45:37","url":"/api/stripe/connect/status","userId":"6971dc84fe6e4f85a87f5f13"}
{"documentId":"6971dc84fe6e4f85a87f5f13","level":"info","message":"DB Operation","metadata":{},"model":"User","operation":"UPDATE","timestamp":"2026-01-23 09:45:38","userId":"6971dc84fe6e4f85a87f5f13"}
{"durationMs":699,"ip":"::1","level":"info","message":"HTTP Request","method":"GET","statusCode":304,"timestamp":"2026-01-23 09:45:38","url":"/api/stripe/connect/status","userId":"6971dc84fe6e4f85a87f5f13"}
{"durationMs":7,"ip":"::1","level":"info","message":"HTTP Request","method":"GET","statusCode":200,"timestamp":"2026-01-23 09:45:38","url":"/api/vehicles/approved","userId":"6971dc84fe6e4f85a87f5f13"}
{"durationMs":7,"ip":"::1","level":"info","message":"HTTP Request","method":"GET","statusCode":200,"timestamp":"2026-01-23 09:45:38","url":"/api/vehicles/approved/types","userId":"6971dc84fe6e4f85a87f5f13"}
{"durationMs":6,"ip":"::1","level":"info","message":"HTTP Request","method":"GET","statusCode":304,"timestamp":"2026-01-23 09:45:38","url":"/api/admin/vehicle-types","userId":"guest"}
{"durationMs":1,"ip":"::1","level":"info","message":"HTTP Request","method":"GET","statusCode":304,"timestamp":"2026-01-23 09:45:38","url":"/uploads/vehicle-types/vehicle-type-1768219528392.jpg","userId":"guest"}
{"durationMs":0,"ip":"::1","level":"info","message":"HTTP Request","method":"GET","statusCode":304,"timestamp":"2026-01-23 09:45:38","url":"/uploads/vehicle-types/vehicle-type-1768219600468.jpg","userId":"guest"}
{"durationMs":1,"ip":"::1","level":"info","message":"HTTP Request","method":"GET","statusCode":304,"timestamp":"2026-01-23 09:45:38","url":"/uploads/vehicle-types/vehicle-type-1768308899496.jpg","userId":"guest"}
{"durationMs":1,"ip":"::1","level":"info","message":"HTTP Request","method":"GET","statusCode":304,"timestamp":"2026-01-23 09:45:38","url":"/uploads/vehicle-types/vehicle-type-1768309158847.jpg","userId":"guest"}
{"documentId":"6971dc84fe6e4f85a87f5f13","level":"info","message":"DB Operation","metadata":{},"model":"User","operation":"UPDATE","timestamp":"2026-01-23 09:45:39","userId":"6971dc84fe6e4f85a87f5f13"}
{"durationMs":813,"ip":"::1","level":"info","message":"HTTP Request","method":"GET","statusCode":304,"timestamp":"2026-01-23 09:45:39","url":"/api/stripe/connect/status","userId":"6971dc84fe6e4f85a87f5f13"}
{"durationMs":20,"ip":"::1","level":"info","message":"HTTP Request","method":"GET","statusCode":200,"timestamp":"2026-01-23 09:45:43","url":"/api/admin/vehicle-brands/6964cda12d82e169faa3ddc8","userId":"guest"}
{"durationMs":10,"ip":"::1","level":"info","message":"HTTP Request","method":"GET","statusCode":200,"timestamp":"2026-01-23 09:45:46","url":"/api/admin/vehicle-models/6964d73a2d82e169faa3de73","userId":"guest"}
{"durationMs":15,"ip":"::1","level":"info","message":"HTTP Request","method":"GET","statusCode":200,"timestamp":"2026-01-23 09:45:53","url":"/api/admin/vehicle-models/6964d7362d82e169faa3de66","userId":"guest"}
{"ip":"::1","level":"error","message":"Unhandled Error Unexpected field","method":"POST","stack":"MulterError: Unexpected field\n    at wrappedFileFilter (/home/tej/Desktop/my_work/go2gather_project/backend/node_modules/multer/index.js:40:19)\n    at Multipart.<anonymous> (/home/tej/Desktop/my_work/go2gather_project/backend/node_modules/multer/lib/make-middleware.js:132:7)\n    at Multipart.emit (node:events:524:28)\n    at HeaderParser.cb (/home/tej/Desktop/my_work/go2gather_project/backend/node_modules/busboy/lib/types/multipart.js:358:14)\n    at HeaderParser.push (/home/tej/Desktop/my_work/go2gather_project/backend/node_modules/busboy/lib/types/multipart.js:162:20)\n    at SBMH.ssCb [as _cb] (/home/tej/Desktop/my_work/go2gather_project/backend/node_modules/busboy/lib/types/multipart.js:394:37)\n    at feed (/home/tej/Desktop/my_work/go2gather_project/backend/node_modules/streamsearch/lib/sbmh.js:219:14)\n    at SBMH.push (/home/tej/Desktop/my_work/go2gather_project/backend/node_modules/streamsearch/lib/sbmh.js:104:16)\n    at Multipart._write (/home/tej/Desktop/my_work/go2gather_project/backend/node_modules/busboy/lib/types/multipart.js:567:19)\n    at writeOrBuffer (node:internal/streams/writable:572:12)","statusCode":500,"timestamp":"2026-01-23 09:46:20","url":"/api/vehicles/request-approval","userId":"6971dc84fe6e4f85a87f5f13"}
{"durationMs":6,"ip":"::1","level":"info","message":"HTTP Request","method":"POST","statusCode":500,"timestamp":"2026-01-23 09:46:20","url":"/api/vehicles/request-approval","userId":"6971dc84fe6e4f85a87f5f13"}
{"durationMs":3,"ip":"::1","level":"info","message":"HTTP Request","method":"GET","statusCode":304,"timestamp":"2026-01-23 09:47:58","url":"/api/admin/vehicle-brands/6964cda12d82e169faa3ddc8","userId":"guest"}
{"durationMs":4,"ip":"::1","level":"info","message":"HTTP Request","method":"GET","statusCode":304,"timestamp":"2026-01-23 09:47:58","url":"/api/admin/vehicle-models/6964d7362d82e169faa3de66","userId":"guest"}
{"durationMs":2,"ip":"::1","level":"info","message":"HTTP Request","method":"GET","statusCode":304,"timestamp":"2026-01-23 09:48:10","url":"/api/admin/vehicle-brands/6964cda12d82e169faa3ddc8","userId":"guest"}
{"durationMs":3,"ip":"::1","level":"info","message":"HTTP Request","method":"GET","statusCode":304,"timestamp":"2026-01-23 09:48:18","url":"/api/admin/vehicle-models/6964d7362d82e169faa3de66","userId":"guest"}
{"documentId":"6972f6946c148747df0f4a4d","level":"info","message":"DB Operation","metadata":{},"model":"UserVehicle","operation":"CREATE","timestamp":"2026-01-23 09:48:28","userId":"6971dc84fe6e4f85a87f5f13"}
{"durationMs":1435,"ip":"::1","level":"info","message":"HTTP Request","method":"POST","statusCode":201,"timestamp":"2026-01-23 09:48:28","url":"/api/vehicles/request-approval","userId":"6971dc84fe6e4f85a87f5f13"}
{"durationMs":75,"ip":"::1","level":"info","message":"HTTP Request","method":"POST","statusCode":200,"timestamp":"2026-01-23 09:48:52","url":"/api/auth/login","userId":"guest"}
{"durationMs":11,"ip":"::1","level":"info","message":"HTTP Request","method":"GET","statusCode":200,"timestamp":"2026-01-23 09:48:58","url":"/api/admin/vehicles/pending","userId":"695cf50b24a708a4d3bbd8c8"}
{"durationMs":12,"ip":"::1","level":"info","message":"HTTP Request","method":"GET","statusCode":304,"timestamp":"2026-01-23 09:49:44","url":"/api/admin/vehicles/pending","userId":"695cf50b24a708a4d3bbd8c8"}
{"durationMs":19,"ip":"::1","level":"info","message":"HTTP Request","method":"GET","statusCode":304,"timestamp":"2026-01-23 10:06:51","url":"/api/admin/vehicle-types","userId":"guest"}
{"durationMs":2374,"ip":"::1","level":"info","message":"HTTP Request","method":"PUT","statusCode":200,"timestamp":"2026-01-23 10:08:12","url":"/api/admin/vehicle-types/6964cda12d82e169faa3ddc8","userId":"695cf50b24a708a4d3bbd8c8"}
{"durationMs":5,"ip":"::1","level":"info","message":"HTTP Request","method":"GET","statusCode":200,"timestamp":"2026-01-23 10:08:12","url":"/api/admin/vehicle-types","userId":"guest"}
{"durationMs":1347,"ip":"::1","level":"info","message":"HTTP Request","method":"PUT","statusCode":200,"timestamp":"2026-01-23 10:09:07","url":"/api/admin/vehicle-types/6964d8662d82e169faa3de99","userId":"695cf50b24a708a4d3bbd8c8"}
{"durationMs":3,"ip":"::1","level":"info","message":"HTTP Request","method":"GET","statusCode":200,"timestamp":"2026-01-23 10:09:07","url":"/api/admin/vehicle-types","userId":"guest"}
{"durationMs":1957,"ip":"::1","level":"info","message":"HTTP Request","method":"PUT","statusCode":200,"timestamp":"2026-01-23 10:10:11","url":"/api/admin/vehicle-types/696640a33047dd0a27caaecd","userId":"695cf50b24a708a4d3bbd8c8"}
{"durationMs":4,"ip":"::1","level":"info","message":"HTTP Request","method":"GET","statusCode":200,"timestamp":"2026-01-23 10:10:11","url":"/api/admin/vehicle-types","userId":"guest"}
{"durationMs":2427,"ip":"::1","level":"info","message":"HTTP Request","method":"PUT","statusCode":200,"timestamp":"2026-01-23 10:12:51","url":"/api/admin/vehicle-types/696641a63047dd0a27caaed4","userId":"695cf50b24a708a4d3bbd8c8"}
{"durationMs":7,"ip":"::1","level":"info","message":"HTTP Request","method":"GET","statusCode":200,"timestamp":"2026-01-23 10:12:51","url":"/api/admin/vehicle-types","userId":"guest"}
{"durationMs":3,"ip":"::1","level":"info","message":"HTTP Request","method":"GET","statusCode":304,"timestamp":"2026-01-23 10:13:05","url":"/api/admin/vehicle-brands/6964cda12d82e169faa3ddc8","userId":"guest"}
{"durationMs":2,"ip":"::1","level":"info","message":"HTTP Request","method":"GET","statusCode":304,"timestamp":"2026-01-23 10:13:08","url":"/api/admin/vehicle-models/6964d73a2d82e169faa3de73","userId":"guest"}
{"documentId":"6972fc64189bfa97001d563e","level":"info","message":"DB Operation","metadata":{},"model":"VehicleModel","operation":"CREATE","timestamp":"2026-01-23 10:13:16","userId":"695cf50b24a708a4d3bbd8c8"}
{"durationMs":8,"ip":"::1","level":"info","message":"HTTP Request","method":"POST","statusCode":201,"timestamp":"2026-01-23 10:13:16","url":"/api/admin/vehicle-models","userId":"695cf50b24a708a4d3bbd8c8"}
{"durationMs":2,"ip":"::1","level":"info","message":"HTTP Request","method":"GET","statusCode":200,"timestamp":"2026-01-23 10:13:16","url":"/api/admin/vehicle-models/6964d73a2d82e169faa3de73","userId":"guest"}
{"documentId":"6972fc75189bfa97001d5644","level":"info","message":"DB Operation","metadata":{},"model":"VehicleModel","operation":"CREATE","timestamp":"2026-01-23 10:13:33","userId":"695cf50b24a708a4d3bbd8c8"}
{"durationMs":5,"ip":"::1","level":"info","message":"HTTP Request","method":"POST","statusCode":201,"timestamp":"2026-01-23 10:13:33","url":"/api/admin/vehicle-models","userId":"695cf50b24a708a4d3bbd8c8"}
{"durationMs":2,"ip":"::1","level":"info","message":"HTTP Request","method":"GET","statusCode":200,"timestamp":"2026-01-23 10:13:33","url":"/api/admin/vehicle-models/6964d73a2d82e169faa3de73","userId":"guest"}
{"documentId":"6972fc79189bfa97001d564a","level":"info","message":"DB Operation","metadata":{},"model":"VehicleModel","operation":"CREATE","timestamp":"2026-01-23 10:13:37","userId":"695cf50b24a708a4d3bbd8c8"}
{"durationMs":6,"ip":"::1","level":"info","message":"HTTP Request","method":"POST","statusCode":201,"timestamp":"2026-01-23 10:13:37","url":"/api/admin/vehicle-models","userId":"695cf50b24a708a4d3bbd8c8"}
{"durationMs":2,"ip":"::1","level":"info","message":"HTTP Request","method":"GET","statusCode":200,"timestamp":"2026-01-23 10:13:37","url":"/api/admin/vehicle-models/6964d73a2d82e169faa3de73","userId":"guest"}
{"durationMs":2,"ip":"::1","level":"info","message":"HTTP Request","method":"GET","statusCode":304,"timestamp":"2026-01-23 10:13:41","url":"/api/admin/vehicle-brands/6964cda12d82e169faa3ddc8","userId":"guest"}
{"durationMs":2,"ip":"::1","level":"info","message":"HTTP Request","method":"GET","statusCode":200,"timestamp":"2026-01-23 10:13:44","url":"/api/admin/vehicle-models/6964d7432d82e169faa3de80","userId":"guest"}
{"documentId":"6972fc85189bfa97001d5652","level":"info","message":"DB Operation","metadata":{},"model":"VehicleModel","operation":"CREATE","timestamp":"2026-01-23 10:13:49","userId":"695cf50b24a708a4d3bbd8c8"}
{"durationMs":6,"ip":"::1","level":"info","message":"HTTP Request","method":"POST","statusCode":201,"timestamp":"2026-01-23 10:13:49","url":"/api/admin/vehicle-models","userId":"695cf50b24a708a4d3bbd8c8"}
{"durationMs":2,"ip":"::1","level":"info","message":"HTTP Request","method":"GET","statusCode":200,"timestamp":"2026-01-23 10:13:49","url":"/api/admin/vehicle-models/6964d7432d82e169faa3de80","userId":"guest"}
{"documentId":"6972fc8a189bfa97001d5658","level":"info","message":"DB Operation","metadata":{},"model":"VehicleModel","operation":"CREATE","timestamp":"2026-01-23 10:13:54","userId":"695cf50b24a708a4d3bbd8c8"}
{"durationMs":5,"ip":"::1","level":"info","message":"HTTP Request","method":"POST","statusCode":201,"timestamp":"2026-01-23 10:13:54","url":"/api/admin/vehicle-models","userId":"695cf50b24a708a4d3bbd8c8"}
{"durationMs":2,"ip":"::1","level":"info","message":"HTTP Request","method":"GET","statusCode":200,"timestamp":"2026-01-23 10:13:54","url":"/api/admin/vehicle-models/6964d7432d82e169faa3de80","userId":"guest"}
{"documentId":"6972fc8e189bfa97001d565e","level":"info","message":"DB Operation","metadata":{},"model":"VehicleModel","operation":"CREATE","timestamp":"2026-01-23 10:13:58","userId":"695cf50b24a708a4d3bbd8c8"}
{"durationMs":7,"ip":"::1","level":"info","message":"HTTP Request","method":"POST","statusCode":201,"timestamp":"2026-01-23 10:13:58","url":"/api/admin/vehicle-models","userId":"695cf50b24a708a4d3bbd8c8"}
{"durationMs":2,"ip":"::1","level":"info","message":"HTTP Request","method":"GET","statusCode":200,"timestamp":"2026-01-23 10:13:58","url":"/api/admin/vehicle-models/6964d7432d82e169faa3de80","userId":"guest"}
{"durationMs":2,"ip":"::1","level":"info","message":"HTTP Request","method":"GET","statusCode":304,"timestamp":"2026-01-23 10:14:01","url":"/api/admin/vehicle-brands/6964cda12d82e169faa3ddc8","userId":"guest"}
{"durationMs":3,"ip":"::1","level":"info","message":"HTTP Request","method":"GET","statusCode":304,"timestamp":"2026-01-23 10:14:02","url":"/api/admin/vehicle-types","userId":"guest"}
{"durationMs":11,"ip":"::1","level":"info","message":"HTTP Request","method":"GET","statusCode":200,"timestamp":"2026-01-23 10:14:10","url":"/api/admin/seat-templates/696640a33047dd0a27caaecd","userId":"guest"}
{"documentId":"6972fca5189bfa97001d5667","level":"info","message":"DB Operation","metadata":{},"model":"SeatTemplate","operation":"CREATE","timestamp":"2026-01-23 10:14:22","userId":"695cf50b24a708a4d3bbd8c8"}
{"durationMs":29,"ip":"::1","level":"info","message":"HTTP Request","method":"POST","statusCode":201,"timestamp":"2026-01-23 10:14:22","url":"/api/admin/seat-templates","userId":"695cf50b24a708a4d3bbd8c8"}
{"durationMs":4,"ip":"::1","level":"info","message":"HTTP Request","method":"GET","statusCode":200,"timestamp":"2026-01-23 10:14:22","url":"/api/admin/seat-templates/696640a33047dd0a27caaecd","userId":"guest"}
{"documentId":"6972fcae189bfa97001d566d","level":"info","message":"DB Operation","metadata":{},"model":"SeatTemplate","operation":"CREATE","timestamp":"2026-01-23 10:14:30","userId":"695cf50b24a708a4d3bbd8c8"}
{"durationMs":21,"ip":"::1","level":"info","message":"HTTP Request","method":"POST","statusCode":201,"timestamp":"2026-01-23 10:14:30","url":"/api/admin/seat-templates","userId":"695cf50b24a708a4d3bbd8c8"}
{"durationMs":3,"ip":"::1","level":"info","message":"HTTP Request","method":"GET","statusCode":200,"timestamp":"2026-01-23 10:14:30","url":"/api/admin/seat-templates/696640a33047dd0a27caaecd","userId":"guest"}
{"documentId":"6972fcb6189bfa97001d5673","level":"info","message":"DB Operation","metadata":{},"model":"SeatTemplate","operation":"CREATE","timestamp":"2026-01-23 10:14:38","userId":"695cf50b24a708a4d3bbd8c8"}
{"durationMs":22,"ip":"::1","level":"info","message":"HTTP Request","method":"POST","statusCode":201,"timestamp":"2026-01-23 10:14:38","url":"/api/admin/seat-templates","userId":"695cf50b24a708a4d3bbd8c8"}
{"durationMs":6,"ip":"::1","level":"info","message":"HTTP Request","method":"GET","statusCode":200,"timestamp":"2026-01-23 10:14:38","url":"/api/admin/seat-templates/696640a33047dd0a27caaecd","userId":"guest"}
{"durationMs":2,"ip":"::1","level":"info","message":"HTTP Request","method":"GET","statusCode":304,"timestamp":"2026-01-23 10:14:41","url":"/api/admin/vehicle-types","userId":"guest"}
{"durationMs":1,"ip":"::1","level":"info","message":"HTTP Request","method":"GET","statusCode":200,"timestamp":"2026-01-23 10:14:45","url":"/api/admin/vehicle-brands/696640a33047dd0a27caaecd","userId":"guest"}
{"documentId":"6972fcc3189bfa97001d567b","level":"info","message":"DB Operation","metadata":{},"model":"VehicleBrand","operation":"CREATE","timestamp":"2026-01-23 10:14:51","userId":"695cf50b24a708a4d3bbd8c8"}
{"durationMs":5,"ip":"::1","level":"info","message":"HTTP Request","method":"POST","statusCode":201,"timestamp":"2026-01-23 10:14:51","url":"/api/admin/vehicle-brands","userId":"695cf50b24a708a4d3bbd8c8"}
{"durationMs":2,"ip":"::1","level":"info","message":"HTTP Request","method":"GET","statusCode":200,"timestamp":"2026-01-23 10:14:51","url":"/api/admin/vehicle-brands/696640a33047dd0a27caaecd","userId":"guest"}
{"documentId":"6972fcc9189bfa97001d5681","level":"info","message":"DB Operation","metadata":{},"model":"VehicleBrand","operation":"CREATE","timestamp":"2026-01-23 10:14:57","userId":"695cf50b24a708a4d3bbd8c8"}
{"durationMs":5,"ip":"::1","level":"info","message":"HTTP Request","method":"POST","statusCode":201,"timestamp":"2026-01-23 10:14:57","url":"/api/admin/vehicle-brands","userId":"695cf50b24a708a4d3bbd8c8"}
{"durationMs":1,"ip":"::1","level":"info","message":"HTTP Request","method":"GET","statusCode":200,"timestamp":"2026-01-23 10:14:57","url":"/api/admin/vehicle-brands/696640a33047dd0a27caaecd","userId":"guest"}
{"durationMs":1,"ip":"::1","level":"info","message":"HTTP Request","method":"GET","statusCode":200,"timestamp":"2026-01-23 10:15:01","url":"/api/admin/vehicle-models/6972fcc3189bfa97001d567b","userId":"guest"}
{"documentId":"6972fcd3189bfa97001d5688","level":"info","message":"DB Operation","metadata":{},"model":"VehicleModel","operation":"CREATE","timestamp":"2026-01-23 10:15:07","userId":"695cf50b24a708a4d3bbd8c8"}
{"durationMs":21,"ip":"::1","level":"info","message":"HTTP Request","method":"POST","statusCode":201,"timestamp":"2026-01-23 10:15:07","url":"/api/admin/vehicle-models","userId":"695cf50b24a708a4d3bbd8c8"}
{"durationMs":4,"ip":"::1","level":"info","message":"HTTP Request","method":"GET","statusCode":200,"timestamp":"2026-01-23 10:15:07","url":"/api/admin/vehicle-models/6972fcc3189bfa97001d567b","userId":"guest"}
{"documentId":"6972fcd9189bfa97001d568e","level":"info","message":"DB Operation","metadata":{},"model":"VehicleModel","operation":"CREATE","timestamp":"2026-01-23 10:15:13","userId":"695cf50b24a708a4d3bbd8c8"}
{"durationMs":5,"ip":"::1","level":"info","message":"HTTP Request","method":"POST","statusCode":201,"timestamp":"2026-01-23 10:15:13","url":"/api/admin/vehicle-models","userId":"695cf50b24a708a4d3bbd8c8"}
{"durationMs":2,"ip":"::1","level":"info","message":"HTTP Request","method":"GET","statusCode":200,"timestamp":"2026-01-23 10:15:13","url":"/api/admin/vehicle-models/6972fcc3189bfa97001d567b","userId":"guest"}
{"durationMs":1,"ip":"::1","level":"info","message":"HTTP Request","method":"GET","statusCode":304,"timestamp":"2026-01-23 10:15:18","url":"/api/admin/vehicle-brands/696640a33047dd0a27caaecd","userId":"guest"}
{"durationMs":1,"ip":"::1","level":"info","message":"HTTP Request","method":"GET","statusCode":200,"timestamp":"2026-01-23 10:15:21","url":"/api/admin/vehicle-models/6972fcc9189bfa97001d5681","userId":"guest"}
{"documentId":"6972fce6189bfa97001d5696","level":"info","message":"DB Operation","metadata":{},"model":"VehicleModel","operation":"CREATE","timestamp":"2026-01-23 10:15:26","userId":"695cf50b24a708a4d3bbd8c8"}
{"durationMs":4,"ip":"::1","level":"info","message":"HTTP Request","method":"POST","statusCode":201,"timestamp":"2026-01-23 10:15:26","url":"/api/admin/vehicle-models","userId":"695cf50b24a708a4d3bbd8c8"}
{"durationMs":1,"ip":"::1","level":"info","message":"HTTP Request","method":"GET","statusCode":200,"timestamp":"2026-01-23 10:15:26","url":"/api/admin/vehicle-models/6972fcc9189bfa97001d5681","userId":"guest"}
{"documentId":"6972fce9189bfa97001d569c","level":"info","message":"DB Operation","metadata":{},"model":"VehicleModel","operation":"CREATE","timestamp":"2026-01-23 10:15:29","userId":"695cf50b24a708a4d3bbd8c8"}
{"durationMs":5,"ip":"::1","level":"info","message":"HTTP Request","method":"POST","statusCode":201,"timestamp":"2026-01-23 10:15:29","url":"/api/admin/vehicle-models","userId":"695cf50b24a708a4d3bbd8c8"}
{"durationMs":2,"ip":"::1","level":"info","message":"HTTP Request","method":"GET","statusCode":200,"timestamp":"2026-01-23 10:15:29","url":"/api/admin/vehicle-models/6972fcc9189bfa97001d5681","userId":"guest"}
{"durationMs":3,"ip":"::1","level":"info","message":"HTTP Request","method":"GET","statusCode":304,"timestamp":"2026-01-23 10:15:31","url":"/api/admin/vehicle-brands/696640a33047dd0a27caaecd","userId":"guest"}
{"durationMs":3,"ip":"::1","level":"info","message":"HTTP Request","method":"GET","statusCode":304,"timestamp":"2026-01-23 10:15:32","url":"/api/admin/vehicle-types","userId":"guest"}
{"durationMs":1,"ip":"::1","level":"info","message":"HTTP Request","method":"GET","statusCode":200,"timestamp":"2026-01-23 10:15:37","url":"/api/admin/seat-templates/696641a63047dd0a27caaed4","userId":"guest"}
{"documentId":"6972fd00189bfa97001d56a5","level":"info","message":"DB Operation","metadata":{},"model":"SeatTemplate","operation":"CREATE","timestamp":"2026-01-23 10:15:52","userId":"695cf50b24a708a4d3bbd8c8"}
{"durationMs":5,"ip":"::1","level":"info","message":"HTTP Request","method":"POST","statusCode":201,"timestamp":"2026-01-23 10:15:52","url":"/api/admin/seat-templates","userId":"695cf50b24a708a4d3bbd8c8"}
{"durationMs":1,"ip":"::1","level":"info","message":"HTTP Request","method":"GET","statusCode":200,"timestamp":"2026-01-23 10:15:52","url":"/api/admin/seat-templates/696641a63047dd0a27caaed4","userId":"guest"}
{"durationMs":2,"ip":"::1","level":"info","message":"HTTP Request","method":"GET","statusCode":304,"timestamp":"2026-01-23 10:15:55","url":"/api/admin/vehicle-types","userId":"guest"}
{"durationMs":1,"ip":"::1","level":"info","message":"HTTP Request","method":"GET","statusCode":200,"timestamp":"2026-01-23 10:15:57","url":"/api/admin/vehicle-brands/696641a63047dd0a27caaed4","userId":"guest"}
{"documentId":"6972fd14189bfa97001d56ad","level":"info","message":"DB Operation","metadata":{},"model":"VehicleBrand","operation":"CREATE","timestamp":"2026-01-23 10:16:12","userId":"695cf50b24a708a4d3bbd8c8"}
{"durationMs":4,"ip":"::1","level":"info","message":"HTTP Request","method":"POST","statusCode":201,"timestamp":"2026-01-23 10:16:12","url":"/api/admin/vehicle-brands","userId":"695cf50b24a708a4d3bbd8c8"}
{"durationMs":2,"ip":"::1","level":"info","message":"HTTP Request","method":"GET","statusCode":200,"timestamp":"2026-01-23 10:16:12","url":"/api/admin/vehicle-brands/696641a63047dd0a27caaed4","userId":"guest"}
{"documentId":"6972fd1c189bfa97001d56b3","level":"info","message":"DB Operation","metadata":{},"model":"VehicleBrand","operation":"CREATE","timestamp":"2026-01-23 10:16:20","userId":"695cf50b24a708a4d3bbd8c8"}
{"durationMs":5,"ip":"::1","level":"info","message":"HTTP Request","method":"POST","statusCode":201,"timestamp":"2026-01-23 10:16:20","url":"/api/admin/vehicle-brands","userId":"695cf50b24a708a4d3bbd8c8"}
{"durationMs":2,"ip":"::1","level":"info","message":"HTTP Request","method":"GET","statusCode":200,"timestamp":"2026-01-23 10:16:20","url":"/api/admin/vehicle-brands/696641a63047dd0a27caaed4","userId":"guest"}
{"documentId":"6972fd1f189bfa97001d56b9","level":"info","message":"DB Operation","metadata":{},"model":"VehicleBrand","operation":"CREATE","timestamp":"2026-01-23 10:16:23","userId":"695cf50b24a708a4d3bbd8c8"}
{"durationMs":5,"ip":"::1","level":"info","message":"HTTP Request","method":"POST","statusCode":201,"timestamp":"2026-01-23 10:16:23","url":"/api/admin/vehicle-brands","userId":"695cf50b24a708a4d3bbd8c8"}
{"durationMs":1,"ip":"::1","level":"info","message":"HTTP Request","method":"GET","statusCode":200,"timestamp":"2026-01-23 10:16:23","url":"/api/admin/vehicle-brands/696641a63047dd0a27caaed4","userId":"guest"}
{"durationMs":2,"ip":"::1","level":"info","message":"HTTP Request","method":"GET","statusCode":200,"timestamp":"2026-01-23 10:16:35","url":"/api/admin/vehicle-models/6972fd14189bfa97001d56ad","userId":"guest"}
{"documentId":"6972fd35189bfa97001d56c0","level":"info","message":"DB Operation","metadata":{},"model":"VehicleModel","operation":"CREATE","timestamp":"2026-01-23 10:16:45","userId":"695cf50b24a708a4d3bbd8c8"}
{"durationMs":5,"ip":"::1","level":"info","message":"HTTP Request","method":"POST","statusCode":201,"timestamp":"2026-01-23 10:16:45","url":"/api/admin/vehicle-models","userId":"695cf50b24a708a4d3bbd8c8"}
{"durationMs":2,"ip":"::1","level":"info","message":"HTTP Request","method":"GET","statusCode":200,"timestamp":"2026-01-23 10:16:45","url":"/api/admin/vehicle-models/6972fd14189bfa97001d56ad","userId":"guest"}
{"documentId":"6972fd3f189bfa97001d56c6","level":"info","message":"DB Operation","metadata":{},"model":"VehicleModel","operation":"CREATE","timestamp":"2026-01-23 10:16:55","userId":"695cf50b24a708a4d3bbd8c8"}
{"durationMs":4,"ip":"::1","level":"info","message":"HTTP Request","method":"POST","statusCode":201,"timestamp":"2026-01-23 10:16:55","url":"/api/admin/vehicle-models","userId":"695cf50b24a708a4d3bbd8c8"}
{"durationMs":1,"ip":"::1","level":"info","message":"HTTP Request","method":"GET","statusCode":200,"timestamp":"2026-01-23 10:16:55","url":"/api/admin/vehicle-models/6972fd14189bfa97001d56ad","userId":"guest"}
{"durationMs":2,"ip":"::1","level":"info","message":"HTTP Request","method":"GET","statusCode":304,"timestamp":"2026-01-23 10:21:55","url":"/api/admin/vehicle-brands/696641a63047dd0a27caaed4","userId":"guest"}
{"durationMs":2,"ip":"::1","level":"info","message":"HTTP Request","method":"GET","statusCode":200,"timestamp":"2026-01-23 10:21:59","url":"/api/admin/vehicle-models/6972fd1c189bfa97001d56b3","userId":"guest"}
{"documentId":"6972fe73189bfa97001d56ce","level":"info","message":"DB Operation","metadata":{},"model":"VehicleModel","operation":"CREATE","timestamp":"2026-01-23 10:22:03","userId":"695cf50b24a708a4d3bbd8c8"}
{"durationMs":15,"ip":"::1","level":"info","message":"HTTP Request","method":"POST","statusCode":201,"timestamp":"2026-01-23 10:22:03","url":"/api/admin/vehicle-models","userId":"695cf50b24a708a4d3bbd8c8"}
{"durationMs":2,"ip":"::1","level":"info","message":"HTTP Request","method":"GET","statusCode":200,"timestamp":"2026-01-23 10:22:03","url":"/api/admin/vehicle-models/6972fd1c189bfa97001d56b3","userId":"guest"}
{"documentId":"6972fe7d189bfa97001d56d4","level":"info","message":"DB Operation","metadata":{},"model":"VehicleModel","operation":"CREATE","timestamp":"2026-01-23 10:22:13","userId":"695cf50b24a708a4d3bbd8c8"}
{"durationMs":5,"ip":"::1","level":"info","message":"HTTP Request","method":"POST","statusCode":201,"timestamp":"2026-01-23 10:22:13","url":"/api/admin/vehicle-models","userId":"695cf50b24a708a4d3bbd8c8"}
{"durationMs":2,"ip":"::1","level":"info","message":"HTTP Request","method":"GET","statusCode":200,"timestamp":"2026-01-23 10:22:13","url":"/api/admin/vehicle-models/6972fd1c189bfa97001d56b3","userId":"guest"}
{"durationMs":2,"ip":"::1","level":"info","message":"HTTP Request","method":"GET","statusCode":304,"timestamp":"2026-01-23 10:22:15","url":"/api/admin/vehicle-brands/696641a63047dd0a27caaed4","userId":"guest"}
{"durationMs":2,"ip":"::1","level":"info","message":"HTTP Request","method":"GET","statusCode":200,"timestamp":"2026-01-23 10:22:17","url":"/api/admin/vehicle-models/6972fd1f189bfa97001d56b9","userId":"guest"}
{"documentId":"6972fe86189bfa97001d56dc","level":"info","message":"DB Operation","metadata":{},"model":"VehicleModel","operation":"CREATE","timestamp":"2026-01-23 10:22:22","userId":"695cf50b24a708a4d3bbd8c8"}
{"durationMs":5,"ip":"::1","level":"info","message":"HTTP Request","method":"POST","statusCode":201,"timestamp":"2026-01-23 10:22:22","url":"/api/admin/vehicle-models","userId":"695cf50b24a708a4d3bbd8c8"}
{"durationMs":2,"ip":"::1","level":"info","message":"HTTP Request","method":"GET","statusCode":200,"timestamp":"2026-01-23 10:22:22","url":"/api/admin/vehicle-models/6972fd1f189bfa97001d56b9","userId":"guest"}
{"documentId":"6972fe90189bfa97001d56e2","level":"info","message":"DB Operation","metadata":{},"model":"VehicleModel","operation":"CREATE","timestamp":"2026-01-23 10:22:32","userId":"695cf50b24a708a4d3bbd8c8"}
{"durationMs":6,"ip":"::1","level":"info","message":"HTTP Request","method":"POST","statusCode":201,"timestamp":"2026-01-23 10:22:32","url":"/api/admin/vehicle-models","userId":"695cf50b24a708a4d3bbd8c8"}
{"durationMs":3,"ip":"::1","level":"info","message":"HTTP Request","method":"GET","statusCode":200,"timestamp":"2026-01-23 10:22:32","url":"/api/admin/vehicle-models/6972fd1f189bfa97001d56b9","userId":"guest"}
{"durationMs":3,"ip":"::1","level":"info","message":"HTTP Request","method":"GET","statusCode":304,"timestamp":"2026-01-23 10:22:34","url":"/api/admin/vehicle-brands/696641a63047dd0a27caaed4","userId":"guest"}
{"durationMs":2,"ip":"::1","level":"info","message":"HTTP Request","method":"GET","statusCode":304,"timestamp":"2026-01-23 10:22:34","url":"/api/admin/vehicle-types","userId":"guest"}
{"durationMs":71,"ip":"::1","level":"info","message":"HTTP Request","method":"POST","statusCode":200,"timestamp":"2026-01-23 10:23:24","url":"/api/auth/login","userId":"guest"}
{"documentId":"6971dc84fe6e4f85a87f5f13","level":"info","message":"DB Operation","metadata":{},"model":"User","operation":"UPDATE","timestamp":"2026-01-23 10:23:29","userId":"6971dc84fe6e4f85a87f5f13"}
{"durationMs":931,"ip":"::1","level":"info","message":"HTTP Request","method":"GET","statusCode":304,"timestamp":"2026-01-23 10:23:29","url":"/api/stripe/connect/status","userId":"6971dc84fe6e4f85a87f5f13"}
{"durationMs":5,"ip":"::1","level":"info","message":"HTTP Request","method":"GET","statusCode":304,"timestamp":"2026-01-23 10:23:29","url":"/api/admin/vehicle-types","userId":"guest"}
{"durationMs":7,"ip":"::1","level":"info","message":"HTTP Request","method":"GET","statusCode":304,"timestamp":"2026-01-23 10:23:29","url":"/api/vehicles/approved","userId":"6971dc84fe6e4f85a87f5f13"}
{"durationMs":6,"ip":"::1","level":"info","message":"HTTP Request","method":"GET","statusCode":304,"timestamp":"2026-01-23 10:23:29","url":"/api/vehicles/approved/types","userId":"6971dc84fe6e4f85a87f5f13"}
{"documentId":"6971dc84fe6e4f85a87f5f13","level":"info","message":"DB Operation","metadata":{},"model":"User","operation":"UPDATE","timestamp":"2026-01-23 10:23:30","userId":"6971dc84fe6e4f85a87f5f13"}
{"durationMs":687,"ip":"::1","level":"info","message":"HTTP Request","method":"GET","statusCode":304,"timestamp":"2026-01-23 10:23:30","url":"/api/stripe/connect/status","userId":"6971dc84fe6e4f85a87f5f13"}
{"durationMs":2,"ip":"::1","level":"info","message":"HTTP Request","method":"GET","statusCode":304,"timestamp":"2026-01-23 10:24:24","url":"/api/admin/vehicle-types","userId":"guest"}
{"durationMs":125,"ip":"::1","level":"info","message":"HTTP Request","method":"GET","statusCode":200,"timestamp":"2026-01-23 15:15:11","url":"/api/rides/search?fromLat=19.054999&fromLng=72.8692035&toLat=15.3004543&toLng=74.0855134&date=2026-02-02&passengers=1","userId":"guest"}
{"durationMs":41,"ip":"::1","level":"info","message":"HTTP Request","method":"GET","statusCode":200,"timestamp":"2026-01-23 15:15:12","url":"/api/rides/696f5efb676097ae2dbd70c9/details","userId":"guest"}
{"durationMs":63,"ip":"::1","level":"info","message":"HTTP Request","method":"GET","statusCode":304,"timestamp":"2026-01-23 15:15:21","url":"/api/rides/696f5efb676097ae2dbd70c9/details","userId":"guest"}
{"durationMs":53,"ip":"::1","level":"info","message":"HTTP Request","method":"GET","statusCode":304,"timestamp":"2026-01-23 15:16:03","url":"/api/rides/696f5efb676097ae2dbd70c9/details","userId":"guest"}
{"durationMs":41,"ip":"::1","level":"info","message":"HTTP Request","method":"GET","statusCode":304,"timestamp":"2026-01-23 15:16:10","url":"/api/rides/696f5efb676097ae2dbd70c9/details","userId":"guest"}
{"durationMs":44,"ip":"::1","level":"info","message":"HTTP Request","method":"GET","statusCode":304,"timestamp":"2026-01-23 15:16:14","url":"/api/rides/696f5efb676097ae2dbd70c9/details","userId":"guest"}
{"durationMs":34,"ip":"::1","level":"info","message":"HTTP Request","method":"GET","statusCode":304,"timestamp":"2026-01-23 15:19:40","url":"/api/rides/696f5efb676097ae2dbd70c9/details","userId":"guest"}
{"durationMs":38,"ip":"::1","level":"info","message":"HTTP Request","method":"GET","statusCode":304,"timestamp":"2026-01-23 15:20:38","url":"/api/rides/696f5efb676097ae2dbd70c9/details","userId":"guest"}
{"durationMs":41,"ip":"::1","level":"info","message":"HTTP Request","method":"GET","statusCode":304,"timestamp":"2026-01-23 15:21:06","url":"/api/rides/696f5efb676097ae2dbd70c9/details","userId":"guest"}
{"durationMs":47,"ip":"::1","level":"info","message":"HTTP Request","method":"GET","statusCode":304,"timestamp":"2026-01-23 15:24:11","url":"/api/rides/696f5efb676097ae2dbd70c9/details","userId":"guest"}
{"durationMs":37,"ip":"::1","level":"info","message":"HTTP Request","method":"GET","statusCode":304,"timestamp":"2026-01-23 15:31:26","url":"/api/rides/696f5efb676097ae2dbd70c9/details","userId":"guest"}
{"durationMs":38,"ip":"::1","level":"info","message":"HTTP Request","method":"GET","statusCode":304,"timestamp":"2026-01-23 15:34:44","url":"/api/rides/696f5efb676097ae2dbd70c9/details","userId":"guest"}
{"durationMs":50,"ip":"::1","level":"info","message":"HTTP Request","method":"GET","statusCode":304,"timestamp":"2026-01-23 15:35:12","url":"/api/rides/696f5efb676097ae2dbd70c9/details","userId":"guest"}
{"durationMs":2,"ip":"::1","level":"info","message":"HTTP Request","method":"GET","statusCode":404,"timestamp":"2026-01-23 16:57:24","url":"/api/chat/conversation","userId":"guest"}
{"durationMs":1,"ip":"::1","level":"info","message":"HTTP Request","method":"GET","statusCode":404,"timestamp":"2026-01-23 16:57:24","url":"/api/chat/conversation","userId":"guest"}
{"durationMs":0,"ip":"::1","level":"info","message":"HTTP Request","method":"GET","statusCode":404,"timestamp":"2026-01-23 17:01:10","url":"/api/chat/conversation","userId":"guest"}
{"durationMs":0,"ip":"::1","level":"info","message":"HTTP Request","method":"GET","statusCode":404,"timestamp":"2026-01-23 17:01:10","url":"/api/chat/conversation","userId":"guest"}
{"durationMs":0,"ip":"::1","level":"info","message":"HTTP Request","method":"GET","statusCode":404,"timestamp":"2026-01-23 17:02:56","url":"/api/chat/conversation","userId":"guest"}
{"durationMs":1,"ip":"::1","level":"info","message":"HTTP Request","method":"GET","statusCode":404,"timestamp":"2026-01-23 17:02:56","url":"/api/chat/conversation","userId":"guest"}
{"durationMs":1,"ip":"::1","level":"info","message":"HTTP Request","method":"GET","statusCode":404,"timestamp":"2026-01-23 17:03:16","url":"/api/chat/conversation","userId":"guest"}
{"durationMs":0,"ip":"::1","level":"info","message":"HTTP Request","method":"GET","statusCode":404,"timestamp":"2026-01-23 17:03:16","url":"/api/chat/conversation","userId":"guest"}
{"durationMs":1,"ip":"::1","level":"info","message":"HTTP Request","method":"GET","statusCode":404,"timestamp":"2026-01-23 17:06:15","url":"/api/chat/conversation","userId":"guest"}
{"durationMs":1,"ip":"::1","level":"info","message":"HTTP Request","method":"GET","statusCode":404,"timestamp":"2026-01-23 17:06:15","url":"/api/chat/conversation","userId":"guest"}
{"durationMs":1,"ip":"::1","level":"info","message":"HTTP Request","method":"GET","statusCode":404,"timestamp":"2026-01-23 17:21:05","url":"/api/chat/conversation","userId":"guest"}
{"durationMs":0,"ip":"::1","level":"info","message":"HTTP Request","method":"GET","statusCode":404,"timestamp":"2026-01-23 17:21:05","url":"/api/chat/conversation","userId":"guest"}
{"durationMs":1,"ip":"::1","level":"info","message":"HTTP Request","method":"GET","statusCode":404,"timestamp":"2026-01-23 17:21:07","url":"/api/chat/conversation","userId":"guest"}
{"durationMs":0,"ip":"::1","level":"info","message":"HTTP Request","method":"GET","statusCode":404,"timestamp":"2026-01-23 17:21:07","url":"/api/chat/conversation","userId":"guest"}
{"durationMs":1,"ip":"::1","level":"info","message":"HTTP Request","method":"GET","statusCode":404,"timestamp":"2026-01-23 17:22:14","url":"/api/chat/conversation","userId":"guest"}
{"durationMs":1,"ip":"::1","level":"info","message":"HTTP Request","method":"GET","statusCode":404,"timestamp":"2026-01-23 17:22:14","url":"/api/chat/conversation","userId":"guest"}
{"durationMs":1,"ip":"::1","level":"info","message":"HTTP Request","method":"GET","statusCode":404,"timestamp":"2026-01-23 17:22:25","url":"/api/chat/conversation","userId":"guest"}
{"durationMs":1,"ip":"::1","level":"info","message":"HTTP Request","method":"GET","statusCode":404,"timestamp":"2026-01-23 17:22:25","url":"/api/chat/conversation","userId":"guest"}
{"durationMs":121,"ip":"::1","level":"info","message":"HTTP Request","method":"GET","statusCode":304,"timestamp":"2026-01-23 17:23:04","url":"/api/rides/search?fromLat=19.054999&fromLng=72.8692035&toLat=15.3004543&toLng=74.0855134&date=2026-02-02&passengers=1","userId":"guest"}
{"durationMs":35,"ip":"::1","level":"info","message":"HTTP Request","method":"GET","statusCode":304,"timestamp":"2026-01-23 17:23:06","url":"/api/rides/696f5efb676097ae2dbd70c9/details","userId":"guest"}
{"durationMs":0,"ip":"::1","level":"info","message":"HTTP Request","method":"GET","statusCode":404,"timestamp":"2026-01-23 17:23:10","url":"/api/chat/conversation","userId":"guest"}
{"durationMs":0,"ip":"::1","level":"info","message":"HTTP Request","method":"GET","statusCode":404,"timestamp":"2026-01-23 17:23:10","url":"/api/chat/conversation","userId":"guest"}
{"durationMs":0,"ip":"::1","level":"info","message":"HTTP Request","method":"GET","statusCode":404,"timestamp":"2026-01-23 17:23:28","url":"/api/chat/conversation","userId":"guest"}
{"durationMs":0,"ip":"::1","level":"info","message":"HTTP Request","method":"GET","statusCode":404,"timestamp":"2026-01-23 17:23:28","url":"/api/chat/conversation","userId":"guest"}
{"ip":"::1","level":"error","message":"Unhandled Error Cannot destructure property 'rideId' of 'req.body' as it is undefined.","method":"POST","stack":"TypeError: Cannot destructure property 'rideId' of 'req.body' as it is undefined.\n    at getOrCreateConversation (file:///home/tej/Desktop/my_work/go2gather_project/backend/src/controllers/chatController.js:7:13)\n    at Layer.handleRequest (/home/tej/Desktop/my_work/go2gather_project/backend/node_modules/router/lib/layer.js:152:17)\n    at next (/home/tej/Desktop/my_work/go2gather_project/backend/node_modules/router/lib/route.js:157:13)\n    at protect (file:///home/tej/Desktop/my_work/go2gather_project/backend/src/middlewares/authMiddleware.js:22:7)\n    at process.processTicksAndRejections (node:internal/process/task_queues:95:5)","statusCode":500,"timestamp":"2026-01-23 17:24:09","url":"/api/chat/conversation","userId":"6971dc84fe6e4f85a87f5f13"}
{"durationMs":22,"ip":"::1","level":"info","message":"HTTP Request","method":"POST","statusCode":500,"timestamp":"2026-01-23 17:24:09","url":"/api/chat/conversation","userId":"6971dc84fe6e4f85a87f5f13"}
{"ip":"::1","level":"error","message":"Unhandled Error Cannot destructure property 'rideId' of 'req.body' as it is undefined.","method":"POST","stack":"TypeError: Cannot destructure property 'rideId' of 'req.body' as it is undefined.\n    at getOrCreateConversation (file:///home/tej/Desktop/my_work/go2gather_project/backend/src/controllers/chatController.js:7:13)\n    at Layer.handleRequest (/home/tej/Desktop/my_work/go2gather_project/backend/node_modules/router/lib/layer.js:152:17)\n    at next (/home/tej/Desktop/my_work/go2gather_project/backend/node_modules/router/lib/route.js:157:13)\n    at protect (file:///home/tej/Desktop/my_work/go2gather_project/backend/src/middlewares/authMiddleware.js:22:7)\n    at process.processTicksAndRejections (node:internal/process/task_queues:95:5)","statusCode":500,"timestamp":"2026-01-23 17:24:09","url":"/api/chat/conversation","userId":"6971dc84fe6e4f85a87f5f13"}
{"durationMs":16,"ip":"::1","level":"info","message":"HTTP Request","method":"POST","statusCode":500,"timestamp":"2026-01-23 17:24:09","url":"/api/chat/conversation","userId":"6971dc84fe6e4f85a87f5f13"}
{"ip":"::1","level":"error","message":"Unhandled Error Cannot destructure property 'rideId' of 'req.body' as it is undefined.","method":"POST","stack":"TypeError: Cannot destructure property 'rideId' of 'req.body' as it is undefined.\n    at getOrCreateConversation (file:///home/tej/Desktop/my_work/go2gather_project/backend/src/controllers/chatController.js:7:13)\n    at Layer.handleRequest (/home/tej/Desktop/my_work/go2gather_project/backend/node_modules/router/lib/layer.js:152:17)\n    at next (/home/tej/Desktop/my_work/go2gather_project/backend/node_modules/router/lib/route.js:157:13)\n    at protect (file:///home/tej/Desktop/my_work/go2gather_project/backend/src/middlewares/authMiddleware.js:22:7)\n    at process.processTicksAndRejections (node:internal/process/task_queues:95:5)","statusCode":500,"timestamp":"2026-01-23 17:24:15","url":"/api/chat/conversation","userId":"6971dc84fe6e4f85a87f5f13"}
{"durationMs":8,"ip":"::1","level":"info","message":"HTTP Request","method":"POST","statusCode":500,"timestamp":"2026-01-23 17:24:15","url":"/api/chat/conversation","userId":"6971dc84fe6e4f85a87f5f13"}
{"ip":"::1","level":"error","message":"Unhandled Error Cannot destructure property 'rideId' of 'req.body' as it is undefined.","method":"POST","stack":"TypeError: Cannot destructure property 'rideId' of 'req.body' as it is undefined.\n    at getOrCreateConversation (file:///home/tej/Desktop/my_work/go2gather_project/backend/src/controllers/chatController.js:7:13)\n    at Layer.handleRequest (/home/tej/Desktop/my_work/go2gather_project/backend/node_modules/router/lib/layer.js:152:17)\n    at next (/home/tej/Desktop/my_work/go2gather_project/backend/node_modules/router/lib/route.js:157:13)\n    at protect (file:///home/tej/Desktop/my_work/go2gather_project/backend/src/middlewares/authMiddleware.js:22:7)\n    at process.processTicksAndRejections (node:internal/process/task_queues:95:5)","statusCode":500,"timestamp":"2026-01-23 17:24:15","url":"/api/chat/conversation","userId":"6971dc84fe6e4f85a87f5f13"}
{"durationMs":8,"ip":"::1","level":"info","message":"HTTP Request","method":"POST","statusCode":500,"timestamp":"2026-01-23 17:24:15","url":"/api/chat/conversation","userId":"6971dc84fe6e4f85a87f5f13"}
{"ip":"::1","level":"error","message":"Unhandled Error Cannot destructure property 'rideId' of 'req.body' as it is undefined.","method":"POST","stack":"TypeError: Cannot destructure property 'rideId' of 'req.body' as it is undefined.\n    at getOrCreateConversation (file:///home/tej/Desktop/my_work/go2gather_project/backend/src/controllers/chatController.js:7:13)\n    at Layer.handleRequest (/home/tej/Desktop/my_work/go2gather_project/backend/node_modules/router/lib/layer.js:152:17)\n    at next (/home/tej/Desktop/my_work/go2gather_project/backend/node_modules/router/lib/route.js:157:13)\n    at protect (file:///home/tej/Desktop/my_work/go2gather_project/backend/src/middlewares/authMiddleware.js:22:7)\n    at process.processTicksAndRejections (node:internal/process/task_queues:95:5)","statusCode":500,"timestamp":"2026-01-23 17:24:30","url":"/api/chat/conversation","userId":"6971dc84fe6e4f85a87f5f13"}
{"durationMs":8,"ip":"::1","level":"info","message":"HTTP Request","method":"POST","statusCode":500,"timestamp":"2026-01-23 17:24:30","url":"/api/chat/conversation","userId":"6971dc84fe6e4f85a87f5f13"}
{"ip":"::1","level":"error","message":"Unhandled Error Cannot destructure property 'rideId' of 'req.body' as it is undefined.","method":"POST","stack":"TypeError: Cannot destructure property 'rideId' of 'req.body' as it is undefined.\n    at getOrCreateConversation (file:///home/tej/Desktop/my_work/go2gather_project/backend/src/controllers/chatController.js:7:13)\n    at Layer.handleRequest (/home/tej/Desktop/my_work/go2gather_project/backend/node_modules/router/lib/layer.js:152:17)\n    at next (/home/tej/Desktop/my_work/go2gather_project/backend/node_modules/router/lib/route.js:157:13)\n    at protect (file:///home/tej/Desktop/my_work/go2gather_project/backend/src/middlewares/authMiddleware.js:22:7)\n    at process.processTicksAndRejections (node:internal/process/task_queues:95:5)","statusCode":500,"timestamp":"2026-01-23 17:24:30","url":"/api/chat/conversation","userId":"6971dc84fe6e4f85a87f5f13"}
{"durationMs":10,"ip":"::1","level":"info","message":"HTTP Request","method":"POST","statusCode":500,"timestamp":"2026-01-23 17:24:30","url":"/api/chat/conversation","userId":"6971dc84fe6e4f85a87f5f13"}
{"ip":"::1","level":"error","message":"Unhandled Error Cannot destructure property 'rideId' of 'req.body' as it is undefined.","method":"POST","stack":"TypeError: Cannot destructure property 'rideId' of 'req.body' as it is undefined.\n    at getOrCreateConversation (file:///home/tej/Desktop/my_work/go2gather_project/backend/src/controllers/chatController.js:7:13)\n    at Layer.handleRequest (/home/tej/Desktop/my_work/go2gather_project/backend/node_modules/router/lib/layer.js:152:17)\n    at next (/home/tej/Desktop/my_work/go2gather_project/backend/node_modules/router/lib/route.js:157:13)\n    at protect (file:///home/tej/Desktop/my_work/go2gather_project/backend/src/middlewares/authMiddleware.js:22:7)\n    at process.processTicksAndRejections (node:internal/process/task_queues:95:5)","statusCode":500,"timestamp":"2026-01-23 17:24:34","url":"/api/chat/conversation","userId":"6971dc84fe6e4f85a87f5f13"}
{"durationMs":6,"ip":"::1","level":"info","message":"HTTP Request","method":"POST","statusCode":500,"timestamp":"2026-01-23 17:24:34","url":"/api/chat/conversation","userId":"6971dc84fe6e4f85a87f5f13"}
{"ip":"::1","level":"error","message":"Unhandled Error Cannot destructure property 'rideId' of 'req.body' as it is undefined.","method":"POST","stack":"TypeError: Cannot destructure property 'rideId' of 'req.body' as it is undefined.\n    at getOrCreateConversation (file:///home/tej/Desktop/my_work/go2gather_project/backend/src/controllers/chatController.js:7:13)\n    at Layer.handleRequest (/home/tej/Desktop/my_work/go2gather_project/backend/node_modules/router/lib/layer.js:152:17)\n    at next (/home/tej/Desktop/my_work/go2gather_project/backend/node_modules/router/lib/route.js:157:13)\n    at protect (file:///home/tej/Desktop/my_work/go2gather_project/backend/src/middlewares/authMiddleware.js:22:7)\n    at process.processTicksAndRejections (node:internal/process/task_queues:95:5)","statusCode":500,"timestamp":"2026-01-23 17:24:34","url":"/api/chat/conversation","userId":"6971dc84fe6e4f85a87f5f13"}
{"durationMs":5,"ip":"::1","level":"info","message":"HTTP Request","method":"POST","statusCode":500,"timestamp":"2026-01-23 17:24:34","url":"/api/chat/conversation","userId":"6971dc84fe6e4f85a87f5f13"}
{"ip":"::1","level":"error","message":"Unhandled Error Cannot destructure property 'rideId' of 'req.body' as it is undefined.","method":"POST","stack":"TypeError: Cannot destructure property 'rideId' of 'req.body' as it is undefined.\n    at getOrCreateConversation (file:///home/tej/Desktop/my_work/go2gather_project/backend/src/controllers/chatController.js:7:13)\n    at Layer.handleRequest (/home/tej/Desktop/my_work/go2gather_project/backend/node_modules/router/lib/layer.js:152:17)\n    at next (/home/tej/Desktop/my_work/go2gather_project/backend/node_modules/router/lib/route.js:157:13)\n    at protect (file:///home/tej/Desktop/my_work/go2gather_project/backend/src/middlewares/authMiddleware.js:22:7)\n    at process.processTicksAndRejections (node:internal/process/task_queues:95:5)","statusCode":500,"timestamp":"2026-01-23 17:26:27","url":"/api/chat/conversation","userId":"6971dc84fe6e4f85a87f5f13"}
{"durationMs":5,"ip":"::1","level":"info","message":"HTTP Request","method":"POST","statusCode":500,"timestamp":"2026-01-23 17:26:27","url":"/api/chat/conversation","userId":"6971dc84fe6e4f85a87f5f13"}
{"ip":"::1","level":"error","message":"Unhandled Error Cannot destructure property 'rideId' of 'req.body' as it is undefined.","method":"POST","stack":"TypeError: Cannot destructure property 'rideId' of 'req.body' as it is undefined.\n    at getOrCreateConversation (file:///home/tej/Desktop/my_work/go2gather_project/backend/src/controllers/chatController.js:7:13)\n    at Layer.handleRequest (/home/tej/Desktop/my_work/go2gather_project/backend/node_modules/router/lib/layer.js:152:17)\n    at next (/home/tej/Desktop/my_work/go2gather_project/backend/node_modules/router/lib/route.js:157:13)\n    at protect (file:///home/tej/Desktop/my_work/go2gather_project/backend/src/middlewares/authMiddleware.js:22:7)\n    at process.processTicksAndRejections (node:internal/process/task_queues:95:5)","statusCode":500,"timestamp":"2026-01-23 17:26:27","url":"/api/chat/conversation","userId":"6971dc84fe6e4f85a87f5f13"}
{"durationMs":5,"ip":"::1","level":"info","message":"HTTP Request","method":"POST","statusCode":500,"timestamp":"2026-01-23 17:26:27","url":"/api/chat/conversation","userId":"6971dc84fe6e4f85a87f5f13"}
{"ip":"::1","level":"error","message":"Unhandled Error Cannot destructure property 'rideId' of 'req.body' as it is undefined.","method":"POST","stack":"TypeError: Cannot destructure property 'rideId' of 'req.body' as it is undefined.\n    at getOrCreateConversation (file:///home/tej/Desktop/my_work/go2gather_project/backend/src/controllers/chatController.js:7:13)\n    at Layer.handleRequest (/home/tej/Desktop/my_work/go2gather_project/backend/node_modules/router/lib/layer.js:152:17)\n    at next (/home/tej/Desktop/my_work/go2gather_project/backend/node_modules/router/lib/route.js:157:13)\n    at protect (file:///home/tej/Desktop/my_work/go2gather_project/backend/src/middlewares/authMiddleware.js:22:7)\n    at process.processTicksAndRejections (node:internal/process/task_queues:95:5)","statusCode":500,"timestamp":"2026-01-23 17:26:29","url":"/api/chat/conversation","userId":"6971dc84fe6e4f85a87f5f13"}
{"durationMs":7,"ip":"::1","level":"info","message":"HTTP Request","method":"POST","statusCode":500,"timestamp":"2026-01-23 17:26:29","url":"/api/chat/conversation","userId":"6971dc84fe6e4f85a87f5f13"}
{"ip":"::1","level":"error","message":"Unhandled Error Cannot destructure property 'rideId' of 'req.body' as it is undefined.","method":"POST","stack":"TypeError: Cannot destructure property 'rideId' of 'req.body' as it is undefined.\n    at getOrCreateConversation (file:///home/tej/Desktop/my_work/go2gather_project/backend/src/controllers/chatController.js:7:13)\n    at Layer.handleRequest (/home/tej/Desktop/my_work/go2gather_project/backend/node_modules/router/lib/layer.js:152:17)\n    at next (/home/tej/Desktop/my_work/go2gather_project/backend/node_modules/router/lib/route.js:157:13)\n    at protect (file:///home/tej/Desktop/my_work/go2gather_project/backend/src/middlewares/authMiddleware.js:22:7)\n    at process.processTicksAndRejections (node:internal/process/task_queues:95:5)","statusCode":500,"timestamp":"2026-01-23 17:26:29","url":"/api/chat/conversation","userId":"6971dc84fe6e4f85a87f5f13"}
{"durationMs":6,"ip":"::1","level":"info","message":"HTTP Request","method":"POST","statusCode":500,"timestamp":"2026-01-23 17:26:29","url":"/api/chat/conversation","userId":"6971dc84fe6e4f85a87f5f13"}
{"ip":"::1","level":"error","message":"Unhandled Error Cannot destructure property 'rideId' of 'req.body' as it is undefined.","method":"POST","stack":"TypeError: Cannot destructure property 'rideId' of 'req.body' as it is undefined.\n    at getOrCreateConversation (file:///home/tej/Desktop/my_work/go2gather_project/backend/src/controllers/chatController.js:7:13)\n    at Layer.handleRequest (/home/tej/Desktop/my_work/go2gather_project/backend/node_modules/router/lib/layer.js:152:17)\n    at next (/home/tej/Desktop/my_work/go2gather_project/backend/node_modules/router/lib/route.js:157:13)\n    at protect (file:///home/tej/Desktop/my_work/go2gather_project/backend/src/middlewares/authMiddleware.js:22:7)\n    at process.processTicksAndRejections (node:internal/process/task_queues:95:5)","statusCode":500,"timestamp":"2026-01-23 17:26:33","url":"/api/chat/conversation","userId":"6971dc84fe6e4f85a87f5f13"}
{"durationMs":6,"ip":"::1","level":"info","message":"HTTP Request","method":"POST","statusCode":500,"timestamp":"2026-01-23 17:26:33","url":"/api/chat/conversation","userId":"6971dc84fe6e4f85a87f5f13"}
{"ip":"::1","level":"error","message":"Unhandled Error Cannot destructure property 'rideId' of 'req.body' as it is undefined.","method":"POST","stack":"TypeError: Cannot destructure property 'rideId' of 'req.body' as it is undefined.\n    at getOrCreateConversation (file:///home/tej/Desktop/my_work/go2gather_project/backend/src/controllers/chatController.js:7:13)\n    at Layer.handleRequest (/home/tej/Desktop/my_work/go2gather_project/backend/node_modules/router/lib/layer.js:152:17)\n    at next (/home/tej/Desktop/my_work/go2gather_project/backend/node_modules/router/lib/route.js:157:13)\n    at protect (file:///home/tej/Desktop/my_work/go2gather_project/backend/src/middlewares/authMiddleware.js:22:7)\n    at process.processTicksAndRejections (node:internal/process/task_queues:95:5)","statusCode":500,"timestamp":"2026-01-23 17:26:33","url":"/api/chat/conversation","userId":"6971dc84fe6e4f85a87f5f13"}
{"durationMs":7,"ip":"::1","level":"info","message":"HTTP Request","method":"POST","statusCode":500,"timestamp":"2026-01-23 17:26:33","url":"/api/chat/conversation","userId":"6971dc84fe6e4f85a87f5f13"}
{"durationMs":108,"ip":"::1","level":"info","message":"HTTP Request","method":"POST","statusCode":200,"timestamp":"2026-01-23 17:27:51","url":"/api/chat/conversation","userId":"6971dc84fe6e4f85a87f5f13"}
{"ip":"::1","level":"error","message":"Unhandled Error E11000 duplicate key error collection: blablacar_clone.conversations index: rideId_1_passengerId_1 dup key: { rideId: ObjectId('696f5efb676097ae2dbd70c9'), passengerId: ObjectId('6971dc84fe6e4f85a87f5f13') }","method":"POST","stack":"MongoServerError: E11000 duplicate key error collection: blablacar_clone.conversations index: rideId_1_passengerId_1 dup key: { rideId: ObjectId('696f5efb676097ae2dbd70c9'), passengerId: ObjectId('6971dc84fe6e4f85a87f5f13') }\n    at InsertOneOperation.handleOk (/home/tej/Desktop/my_work/go2gather_project/backend/node_modules/mongodb/lib/operations/insert.js:51:19)\n    at tryOperation (/home/tej/Desktop/my_work/go2gather_project/backend/node_modules/mongodb/lib/operations/execute_operation.js:216:34)\n    at process.processTicksAndRejections (node:internal/process/task_queues:95:5)\n    at async executeOperation (/home/tej/Desktop/my_work/go2gather_project/backend/node_modules/mongodb/lib/operations/execute_operation.js:80:16)\n    at async Collection.insertOne (/home/tej/Desktop/my_work/go2gather_project/backend/node_modules/mongodb/lib/collection.js:154:16)\n    at async model.$__save (/home/tej/Desktop/my_work/go2gather_project/backend/node_modules/mongoose/lib/model.js:398:16)\n    at async model.save (/home/tej/Desktop/my_work/go2gather_project/backend/node_modules/mongoose/lib/model.js:609:5)\n    at async /home/tej/Desktop/my_work/go2gather_project/backend/node_modules/mongoose/lib/model.js:2714:9\n    at async Promise.all (index 0)\n    at async Function.create (/home/tej/Desktop/my_work/go2gather_project/backend/node_modules/mongoose/lib/model.js:2699:11)","statusCode":500,"timestamp":"2026-01-23 17:27:51","url":"/api/chat/conversation","userId":"6971dc84fe6e4f85a87f5f13"}
{"durationMs":126,"ip":"::1","level":"info","message":"HTTP Request","method":"POST","statusCode":500,"timestamp":"2026-01-23 17:27:51","url":"/api/chat/conversation","userId":"6971dc84fe6e4f85a87f5f13"}
{"durationMs":65,"ip":"::1","level":"info","message":"HTTP Request","method":"POST","statusCode":200,"timestamp":"2026-01-23 17:27:56","url":"/api/chat/conversation","userId":"6971dc84fe6e4f85a87f5f13"}
{"durationMs":70,"ip":"::1","level":"info","message":"HTTP Request","method":"POST","statusCode":200,"timestamp":"2026-01-23 17:27:56","url":"/api/chat/conversation","userId":"6971dc84fe6e4f85a87f5f13"}
{"durationMs":134,"ip":"::1","level":"info","message":"HTTP Request","method":"GET","statusCode":304,"timestamp":"2026-01-23 17:29:20","url":"/api/rides/search?fromLat=19.054999&fromLng=72.8692035&toLat=15.3004543&toLng=74.0855134&date=2026-02-02&passengers=1","userId":"guest"}
{"durationMs":50,"ip":"::1","level":"info","message":"HTTP Request","method":"GET","statusCode":304,"timestamp":"2026-01-23 17:29:22","url":"/api/rides/696f5efb676097ae2dbd70c9/details","userId":"guest"}
{"durationMs":76,"ip":"::1","level":"info","message":"HTTP Request","method":"POST","statusCode":200,"timestamp":"2026-01-23 17:29:37","url":"/api/chat/conversation","userId":"6971dc84fe6e4f85a87f5f13"}
{"durationMs":83,"ip":"::1","level":"info","message":"HTTP Request","method":"POST","statusCode":200,"timestamp":"2026-01-23 17:29:37","url":"/api/chat/conversation","userId":"6971dc84fe6e4f85a87f5f13"}
{"durationMs":105,"ip":"::1","level":"info","message":"HTTP Request","method":"POST","statusCode":200,"timestamp":"2026-01-23 17:32:51","url":"/api/chat/conversation","userId":"6971dc84fe6e4f85a87f5f13"}
{"durationMs":109,"ip":"::1","level":"info","message":"HTTP Request","method":"POST","statusCode":200,"timestamp":"2026-01-23 17:32:51","url":"/api/chat/conversation","userId":"6971dc84fe6e4f85a87f5f13"}
{"durationMs":82,"ip":"::1","level":"info","message":"HTTP Request","method":"POST","statusCode":200,"timestamp":"2026-01-23 17:33:39","url":"/api/chat/conversation","userId":"6971dc84fe6e4f85a87f5f13"}
{"durationMs":89,"ip":"::1","level":"info","message":"HTTP Request","method":"POST","statusCode":200,"timestamp":"2026-01-23 17:33:39","url":"/api/chat/conversation","userId":"6971dc84fe6e4f85a87f5f13"}
{"durationMs":123,"ip":"::1","level":"info","message":"HTTP Request","method":"POST","statusCode":200,"timestamp":"2026-01-23 17:34:16","url":"/api/chat/conversation","userId":"6971dc84fe6e4f85a87f5f13"}
{"durationMs":121,"ip":"::1","level":"info","message":"HTTP Request","method":"POST","statusCode":200,"timestamp":"2026-01-23 17:34:16","url":"/api/chat/conversation","userId":"6971dc84fe6e4f85a87f5f13"}
{"durationMs":115,"ip":"::1","level":"info","message":"HTTP Request","method":"POST","statusCode":200,"timestamp":"2026-01-23 17:34:28","url":"/api/chat/conversation","userId":"6971dc84fe6e4f85a87f5f13"}
{"durationMs":124,"ip":"::1","level":"info","message":"HTTP Request","method":"POST","statusCode":200,"timestamp":"2026-01-23 17:34:28","url":"/api/chat/conversation","userId":"6971dc84fe6e4f85a87f5f13"}
{"durationMs":102,"ip":"::1","level":"info","message":"HTTP Request","method":"POST","statusCode":200,"timestamp":"2026-01-23 17:34:47","url":"/api/chat/conversation","userId":"6971dc84fe6e4f85a87f5f13"}
{"durationMs":107,"ip":"::1","level":"info","message":"HTTP Request","method":"POST","statusCode":200,"timestamp":"2026-01-23 17:34:47","url":"/api/chat/conversation","userId":"6971dc84fe6e4f85a87f5f13"}
{"durationMs":58,"ip":"::1","level":"info","message":"HTTP Request","method":"POST","statusCode":200,"timestamp":"2026-01-23 17:34:49","url":"/api/chat/conversation","userId":"6971dc84fe6e4f85a87f5f13"}
{"durationMs":57,"ip":"::1","level":"info","message":"HTTP Request","method":"POST","statusCode":200,"timestamp":"2026-01-23 17:34:49","url":"/api/chat/conversation","userId":"6971dc84fe6e4f85a87f5f13"}
{"durationMs":111,"ip":"::1","level":"info","message":"HTTP Request","method":"POST","statusCode":200,"timestamp":"2026-01-23 17:34:49","url":"/api/chat/conversation","userId":"6971dc84fe6e4f85a87f5f13"}
{"durationMs":84,"ip":"::1","level":"info","message":"HTTP Request","method":"POST","statusCode":200,"timestamp":"2026-01-23 17:34:49","url":"/api/chat/conversation","userId":"6971dc84fe6e4f85a87f5f13"}
{"durationMs":55,"ip":"::1","level":"info","message":"HTTP Request","method":"GET","statusCode":304,"timestamp":"2026-01-23 17:34:56","url":"/api/rides/696f5efb676097ae2dbd70c9/details","userId":"guest"}
{"durationMs":47,"ip":"::1","level":"info","message":"HTTP Request","method":"POST","statusCode":200,"timestamp":"2026-01-23 17:34:57","url":"/api/chat/conversation","userId":"6971dc84fe6e4f85a87f5f13"}
{"durationMs":45,"ip":"::1","level":"info","message":"HTTP Request","method":"POST","statusCode":200,"timestamp":"2026-01-23 17:34:57","url":"/api/chat/conversation","userId":"6971dc84fe6e4f85a87f5f13"}
{"durationMs":70,"ip":"::1","level":"info","message":"HTTP Request","method":"GET","statusCode":304,"timestamp":"2026-01-23 17:49:25","url":"/api/rides/696f5efb676097ae2dbd70c9/details","userId":"guest"}
{"durationMs":58,"ip":"::1","level":"info","message":"HTTP Request","method":"POST","statusCode":200,"timestamp":"2026-01-23 17:49:31","url":"/api/chat/conversation","userId":"6971dc84fe6e4f85a87f5f13"}
{"durationMs":62,"ip":"::1","level":"info","message":"HTTP Request","method":"POST","statusCode":200,"timestamp":"2026-01-23 17:49:31","url":"/api/chat/conversation","userId":"6971dc84fe6e4f85a87f5f13"}
{"durationMs":28,"ip":"::1","level":"info","message":"HTTP Request","method":"GET","statusCode":304,"timestamp":"2026-01-23 17:49:34","url":"/api/rides/696f5efb676097ae2dbd70c9/details","userId":"guest"}
{"durationMs":93,"ip":"::1","level":"info","message":"HTTP Request","method":"GET","statusCode":304,"timestamp":"2026-01-23 17:49:40","url":"/api/rides/search?fromLat=19.054999&fromLng=72.8692035&toLat=15.3004543&toLng=74.0855134&date=2026-02-02&passengers=1","userId":"guest"}
{"durationMs":31,"ip":"::1","level":"info","message":"HTTP Request","method":"GET","statusCode":304,"timestamp":"2026-01-23 17:49:43","url":"/api/rides/696f5efb676097ae2dbd70c9/details","userId":"guest"}
{"durationMs":57,"ip":"::1","level":"info","message":"HTTP Request","method":"POST","statusCode":200,"timestamp":"2026-01-23 17:49:44","url":"/api/chat/conversation","userId":"6971dc84fe6e4f85a87f5f13"}
{"durationMs":87,"ip":"::1","level":"info","message":"HTTP Request","method":"POST","statusCode":200,"timestamp":"2026-01-23 17:49:44","url":"/api/chat/conversation","userId":"6971dc84fe6e4f85a87f5f13"}
{"durationMs":82,"ip":"::1","level":"info","message":"HTTP Request","method":"POST","statusCode":200,"timestamp":"2026-01-23 17:50:11","url":"/api/chat/conversation","userId":"6971dc84fe6e4f85a87f5f13"}
{"durationMs":81,"ip":"::1","level":"info","message":"HTTP Request","method":"POST","statusCode":200,"timestamp":"2026-01-23 17:50:11","url":"/api/chat/conversation","userId":"6971dc84fe6e4f85a87f5f13"}
{"durationMs":147,"ip":"::1","level":"info","message":"HTTP Request","method":"POST","statusCode":200,"timestamp":"2026-01-23 17:50:11","url":"/api/chat/conversation","userId":"6971dc84fe6e4f85a87f5f13"}
{"durationMs":147,"ip":"::1","level":"info","message":"HTTP Request","method":"POST","statusCode":200,"timestamp":"2026-01-23 17:50:11","url":"/api/chat/conversation","userId":"6971dc84fe6e4f85a87f5f13"}
{"durationMs":81,"ip":"::1","level":"info","message":"HTTP Request","method":"POST","statusCode":200,"timestamp":"2026-01-23 17:50:15","url":"/api/chat/conversation","userId":"6971dc84fe6e4f85a87f5f13"}
{"durationMs":85,"ip":"::1","level":"info","message":"HTTP Request","method":"POST","statusCode":200,"timestamp":"2026-01-23 17:50:15","url":"/api/chat/conversation","userId":"6971dc84fe6e4f85a87f5f13"}
{"durationMs":105,"ip":"::1","level":"info","message":"HTTP Request","method":"POST","statusCode":200,"timestamp":"2026-01-23 17:51:12","url":"/api/chat/conversation","userId":"6971dc84fe6e4f85a87f5f13"}
{"durationMs":102,"ip":"::1","level":"info","message":"HTTP Request","method":"POST","statusCode":200,"timestamp":"2026-01-23 17:51:12","url":"/api/chat/conversation","userId":"6971dc84fe6e4f85a87f5f13"}
{"durationMs":72,"ip":"::1","level":"info","message":"HTTP Request","method":"POST","statusCode":200,"timestamp":"2026-01-23 17:51:17","url":"/api/chat/conversation","userId":"6971dc84fe6e4f85a87f5f13"}
{"durationMs":77,"ip":"::1","level":"info","message":"HTTP Request","method":"POST","statusCode":200,"timestamp":"2026-01-23 17:51:17","url":"/api/chat/conversation","userId":"6971dc84fe6e4f85a87f5f13"}
{"durationMs":86,"ip":"::1","level":"info","message":"HTTP Request","method":"POST","statusCode":200,"timestamp":"2026-01-23 17:51:35","url":"/api/chat/conversation","userId":"6971dc84fe6e4f85a87f5f13"}
{"durationMs":86,"ip":"::1","level":"info","message":"HTTP Request","method":"POST","statusCode":200,"timestamp":"2026-01-23 17:51:35","url":"/api/chat/conversation","userId":"6971dc84fe6e4f85a87f5f13"}
{"durationMs":131,"ip":"::1","level":"info","message":"HTTP Request","method":"POST","statusCode":200,"timestamp":"2026-01-23 17:51:35","url":"/api/chat/conversation","userId":"6971dc84fe6e4f85a87f5f13"}
{"durationMs":136,"ip":"::1","level":"info","message":"HTTP Request","method":"POST","statusCode":200,"timestamp":"2026-01-23 17:51:35","url":"/api/chat/conversation","userId":"6971dc84fe6e4f85a87f5f13"}
{"durationMs":118,"ip":"::1","level":"info","message":"HTTP Request","method":"POST","statusCode":200,"timestamp":"2026-01-23 17:51:50","url":"/api/chat/conversation","userId":"6971dc84fe6e4f85a87f5f13"}
{"durationMs":117,"ip":"::1","level":"info","message":"HTTP Request","method":"POST","statusCode":200,"timestamp":"2026-01-23 17:51:50","url":"/api/chat/conversation","userId":"6971dc84fe6e4f85a87f5f13"}
{"durationMs":153,"ip":"::1","level":"info","message":"HTTP Request","method":"POST","statusCode":200,"timestamp":"2026-01-23 17:51:50","url":"/api/chat/conversation","userId":"6971dc84fe6e4f85a87f5f13"}
{"durationMs":146,"ip":"::1","level":"info","message":"HTTP Request","method":"POST","statusCode":200,"timestamp":"2026-01-23 17:51:50","url":"/api/chat/conversation","userId":"6971dc84fe6e4f85a87f5f13"}
{"durationMs":104,"ip":"::1","level":"info","message":"HTTP Request","method":"POST","statusCode":200,"timestamp":"2026-01-23 17:51:54","url":"/api/chat/conversation","userId":"6971dc84fe6e4f85a87f5f13"}
{"durationMs":104,"ip":"::1","level":"info","message":"HTTP Request","method":"POST","statusCode":200,"timestamp":"2026-01-23 17:51:54","url":"/api/chat/conversation","userId":"6971dc84fe6e4f85a87f5f13"}
{"durationMs":87,"ip":"::1","level":"info","message":"HTTP Request","method":"POST","statusCode":200,"timestamp":"2026-01-23 17:53:51","url":"/api/chat/conversation","userId":"6971dc84fe6e4f85a87f5f13"}
{"durationMs":99,"ip":"::1","level":"info","message":"HTTP Request","method":"POST","statusCode":200,"timestamp":"2026-01-23 17:53:51","url":"/api/chat/conversation","userId":"6971dc84fe6e4f85a87f5f13"}
{"durationMs":54,"ip":"::1","level":"info","message":"HTTP Request","method":"POST","statusCode":200,"timestamp":"2026-01-23 17:53:52","url":"/api/chat/conversation","userId":"6971dc84fe6e4f85a87f5f13"}
{"durationMs":58,"ip":"::1","level":"info","message":"HTTP Request","method":"POST","statusCode":200,"timestamp":"2026-01-23 17:53:52","url":"/api/chat/conversation","userId":"6971dc84fe6e4f85a87f5f13"}
{"durationMs":124,"ip":"::1","level":"info","message":"HTTP Request","method":"POST","statusCode":200,"timestamp":"2026-01-23 17:54:01","url":"/api/chat/conversation","userId":"6971dc84fe6e4f85a87f5f13"}
{"durationMs":124,"ip":"::1","level":"info","message":"HTTP Request","method":"POST","statusCode":200,"timestamp":"2026-01-23 17:54:01","url":"/api/chat/conversation","userId":"6971dc84fe6e4f85a87f5f13"}
{"durationMs":56,"ip":"::1","level":"info","message":"HTTP Request","method":"POST","statusCode":200,"timestamp":"2026-01-23 17:54:02","url":"/api/chat/conversation","userId":"6971dc84fe6e4f85a87f5f13"}
{"durationMs":60,"ip":"::1","level":"info","message":"HTTP Request","method":"POST","statusCode":200,"timestamp":"2026-01-23 17:54:02","url":"/api/chat/conversation","userId":"6971dc84fe6e4f85a87f5f13"}
{"durationMs":49,"ip":"::1","level":"info","message":"HTTP Request","method":"POST","statusCode":200,"timestamp":"2026-01-23 17:56:49","url":"/api/chat/conversation","userId":"6971dc84fe6e4f85a87f5f13"}
{"durationMs":141,"ip":"::1","level":"info","message":"HTTP Request","method":"POST","statusCode":200,"timestamp":"2026-01-23 17:56:49","url":"/api/chat/conversation","userId":"6971dc84fe6e4f85a87f5f13"}
{"durationMs":140,"ip":"::1","level":"info","message":"HTTP Request","method":"POST","statusCode":200,"timestamp":"2026-01-23 17:56:49","url":"/api/chat/conversation","userId":"6971dc84fe6e4f85a87f5f13"}
{"durationMs":146,"ip":"::1","level":"info","message":"HTTP Request","method":"POST","statusCode":200,"timestamp":"2026-01-23 17:56:49","url":"/api/chat/conversation","userId":"6971dc84fe6e4f85a87f5f13"}
{"durationMs":162,"ip":"::1","level":"info","message":"HTTP Request","method":"POST","statusCode":200,"timestamp":"2026-01-23 17:56:49","url":"/api/chat/conversation","userId":"6971dc84fe6e4f85a87f5f13"}
{"durationMs":65,"ip":"::1","level":"info","message":"HTTP Request","method":"POST","statusCode":200,"timestamp":"2026-01-23 17:56:49","url":"/api/chat/conversation","userId":"6971dc84fe6e4f85a87f5f13"}
{"durationMs":48,"ip":"::1","level":"info","message":"HTTP Request","method":"POST","statusCode":200,"timestamp":"2026-01-23 17:56:50","url":"/api/chat/conversation","userId":"6971dc84fe6e4f85a87f5f13"}
{"durationMs":46,"ip":"::1","level":"info","message":"HTTP Request","method":"POST","statusCode":200,"timestamp":"2026-01-23 17:56:50","url":"/api/chat/conversation","userId":"6971dc84fe6e4f85a87f5f13"}
{"durationMs":138,"ip":"::1","level":"info","message":"HTTP Request","method":"POST","statusCode":200,"timestamp":"2026-01-23 17:57:51","url":"/api/chat/conversation","userId":"6971dc84fe6e4f85a87f5f13"}
{"durationMs":135,"ip":"::1","level":"info","message":"HTTP Request","method":"POST","statusCode":200,"timestamp":"2026-01-23 17:57:51","url":"/api/chat/conversation","userId":"6971dc84fe6e4f85a87f5f13"}
{"durationMs":135,"ip":"::1","level":"info","message":"HTTP Request","method":"POST","statusCode":200,"timestamp":"2026-01-23 17:57:51","url":"/api/chat/conversation","userId":"6971dc84fe6e4f85a87f5f13"}
{"durationMs":136,"ip":"::1","level":"info","message":"HTTP Request","method":"POST","statusCode":200,"timestamp":"2026-01-23 17:57:51","url":"/api/chat/conversation","userId":"6971dc84fe6e4f85a87f5f13"}
{"durationMs":189,"ip":"::1","level":"info","message":"HTTP Request","method":"POST","statusCode":200,"timestamp":"2026-01-23 17:57:51","url":"/api/chat/conversation","userId":"6971dc84fe6e4f85a87f5f13"}
{"durationMs":63,"ip":"::1","level":"info","message":"HTTP Request","method":"POST","statusCode":200,"timestamp":"2026-01-23 17:57:51","url":"/api/chat/conversation","userId":"6971dc84fe6e4f85a87f5f13"}
{"durationMs":56,"ip":"::1","level":"info","message":"HTTP Request","method":"POST","statusCode":200,"timestamp":"2026-01-23 17:57:52","url":"/api/chat/conversation","userId":"6971dc84fe6e4f85a87f5f13"}
{"durationMs":60,"ip":"::1","level":"info","message":"HTTP Request","method":"POST","statusCode":200,"timestamp":"2026-01-23 17:57:52","url":"/api/chat/conversation","userId":"6971dc84fe6e4f85a87f5f13"}
{"durationMs":142,"ip":"::1","level":"info","message":"HTTP Request","method":"POST","statusCode":200,"timestamp":"2026-01-23 17:58:02","url":"/api/chat/conversation","userId":"6971dc84fe6e4f85a87f5f13"}
{"durationMs":140,"ip":"::1","level":"info","message":"HTTP Request","method":"POST","statusCode":200,"timestamp":"2026-01-23 17:58:02","url":"/api/chat/conversation","userId":"6971dc84fe6e4f85a87f5f13"}
{"durationMs":139,"ip":"::1","level":"info","message":"HTTP Request","method":"POST","statusCode":200,"timestamp":"2026-01-23 17:58:02","url":"/api/chat/conversation","userId":"6971dc84fe6e4f85a87f5f13"}
{"durationMs":138,"ip":"::1","level":"info","message":"HTTP Request","method":"POST","statusCode":200,"timestamp":"2026-01-23 17:58:02","url":"/api/chat/conversation","userId":"6971dc84fe6e4f85a87f5f13"}
{"durationMs":186,"ip":"::1","level":"info","message":"HTTP Request","method":"POST","statusCode":200,"timestamp":"2026-01-23 17:58:02","url":"/api/chat/conversation","userId":"6971dc84fe6e4f85a87f5f13"}
{"durationMs":59,"ip":"::1","level":"info","message":"HTTP Request","method":"POST","statusCode":200,"timestamp":"2026-01-23 17:58:02","url":"/api/chat/conversation","userId":"6971dc84fe6e4f85a87f5f13"}
{"durationMs":45,"ip":"::1","level":"info","message":"HTTP Request","method":"POST","statusCode":200,"timestamp":"2026-01-23 17:58:03","url":"/api/chat/conversation","userId":"6971dc84fe6e4f85a87f5f13"}
{"durationMs":46,"ip":"::1","level":"info","message":"HTTP Request","method":"POST","statusCode":200,"timestamp":"2026-01-23 17:58:03","url":"/api/chat/conversation","userId":"6971dc84fe6e4f85a87f5f13"}
{"durationMs":56,"ip":"::1","level":"info","message":"HTTP Request","method":"POST","statusCode":200,"timestamp":"2026-01-23 18:18:09","url":"/api/chat/conversation","userId":"6971dc84fe6e4f85a87f5f13"}
{"durationMs":108,"ip":"::1","level":"info","message":"HTTP Request","method":"POST","statusCode":200,"timestamp":"2026-01-23 18:18:09","url":"/api/chat/conversation","userId":"6971dc84fe6e4f85a87f5f13"}
{"durationMs":81,"ip":"::1","level":"info","message":"HTTP Request","method":"POST","statusCode":200,"timestamp":"2026-01-23 18:19:17","url":"/api/chat/conversation","userId":"6971dc84fe6e4f85a87f5f13"}
{"durationMs":85,"ip":"::1","level":"info","message":"HTTP Request","method":"POST","statusCode":200,"timestamp":"2026-01-23 18:19:17","url":"/api/chat/conversation","userId":"6971dc84fe6e4f85a87f5f13"}
{"durationMs":72,"ip":"::1","level":"info","message":"HTTP Request","method":"POST","statusCode":200,"timestamp":"2026-01-23 18:19:40","url":"/api/chat/conversation","userId":"6971dc84fe6e4f85a87f5f13"}
{"durationMs":76,"ip":"::1","level":"info","message":"HTTP Request","method":"POST","statusCode":200,"timestamp":"2026-01-23 18:19:40","url":"/api/chat/conversation","userId":"6971dc84fe6e4f85a87f5f13"}
{"durationMs":83,"ip":"::1","level":"info","message":"HTTP Request","method":"POST","statusCode":200,"timestamp":"2026-01-23 18:20:03","url":"/api/chat/conversation","userId":"6971dc84fe6e4f85a87f5f13"}
{"durationMs":87,"ip":"::1","level":"info","message":"HTTP Request","method":"POST","statusCode":200,"timestamp":"2026-01-23 18:20:03","url":"/api/chat/conversation","userId":"6971dc84fe6e4f85a87f5f13"}
{"durationMs":78,"ip":"::1","level":"info","message":"HTTP Request","method":"POST","statusCode":200,"timestamp":"2026-01-23 18:20:17","url":"/api/chat/conversation","userId":"6971dc84fe6e4f85a87f5f13"}
{"durationMs":86,"ip":"::1","level":"info","message":"HTTP Request","method":"POST","statusCode":200,"timestamp":"2026-01-23 18:20:17","url":"/api/chat/conversation","userId":"6971dc84fe6e4f85a87f5f13"}
{"durationMs":50,"ip":"::1","level":"info","message":"HTTP Request","method":"GET","statusCode":304,"timestamp":"2026-01-23 18:24:39","url":"/api/rides/696f5efb676097ae2dbd70c9/details","userId":"guest"}
{"durationMs":25,"ip":"::1","level":"info","message":"HTTP Request","method":"POST","statusCode":200,"timestamp":"2026-01-23 18:24:41","url":"/api/chat/conversation","userId":"6971dc84fe6e4f85a87f5f13"}
{"durationMs":39,"ip":"::1","level":"info","message":"HTTP Request","method":"GET","statusCode":304,"timestamp":"2026-01-23 18:26:37","url":"/api/rides/696f5efb676097ae2dbd70c9/details","userId":"guest"}
{"durationMs":27,"ip":"::1","level":"info","message":"HTTP Request","method":"POST","statusCode":200,"timestamp":"2026-01-23 18:26:40","url":"/api/chat/conversation","userId":"6971dc84fe6e4f85a87f5f13"}
{"durationMs":8,"ip":"::1","level":"info","message":"HTTP Request","method":"GET","statusCode":200,"timestamp":"2026-01-23 18:30:46","url":"/api/chat/messages/6973623f3aa8d41772dc03a1","userId":"6971dc84fe6e4f85a87f5f13"}
{"durationMs":5,"ip":"::1","level":"info","message":"HTTP Request","method":"GET","statusCode":304,"timestamp":"2026-01-23 18:30:46","url":"/api/chat/messages/6973623f3aa8d41772dc03a1","userId":"6971dc84fe6e4f85a87f5f13"}
{"durationMs":9,"ip":"::1","level":"info","message":"HTTP Request","method":"GET","statusCode":304,"timestamp":"2026-01-23 18:31:18","url":"/api/chat/messages/6973623f3aa8d41772dc03a1","userId":"6971dc84fe6e4f85a87f5f13"}
{"durationMs":6,"ip":"::1","level":"info","message":"HTTP Request","method":"GET","statusCode":304,"timestamp":"2026-01-23 18:31:18","url":"/api/chat/messages/6973623f3aa8d41772dc03a1","userId":"6971dc84fe6e4f85a87f5f13"}
{"durationMs":16,"ip":"::1","level":"info","message":"HTTP Request","method":"GET","statusCode":304,"timestamp":"2026-01-23 18:31:19","url":"/api/chat/messages/6973623f3aa8d41772dc03a1","userId":"6971dc84fe6e4f85a87f5f13"}
{"durationMs":8,"ip":"::1","level":"info","message":"HTTP Request","method":"GET","statusCode":304,"timestamp":"2026-01-23 18:31:19","url":"/api/chat/messages/6973623f3aa8d41772dc03a1","userId":"6971dc84fe6e4f85a87f5f13"}
{"durationMs":5,"ip":"::1","level":"info","message":"HTTP Request","method":"GET","statusCode":304,"timestamp":"2026-01-23 18:31:26","url":"/api/chat/messages/6973623f3aa8d41772dc03a1","userId":"6971dc84fe6e4f85a87f5f13"}
{"durationMs":5,"ip":"::1","level":"info","message":"HTTP Request","method":"GET","statusCode":304,"timestamp":"2026-01-23 18:31:26","url":"/api/chat/messages/6973623f3aa8d41772dc03a1","userId":"6971dc84fe6e4f85a87f5f13"}
{"durationMs":9,"ip":"::1","level":"info","message":"HTTP Request","method":"GET","statusCode":304,"timestamp":"2026-01-23 18:31:27","url":"/api/chat/messages/6973623f3aa8d41772dc03a1","userId":"6971dc84fe6e4f85a87f5f13"}
{"durationMs":7,"ip":"::1","level":"info","message":"HTTP Request","method":"GET","statusCode":304,"timestamp":"2026-01-23 18:31:27","url":"/api/chat/messages/6973623f3aa8d41772dc03a1","userId":"6971dc84fe6e4f85a87f5f13"}
{"durationMs":5,"ip":"::1","level":"info","message":"HTTP Request","method":"GET","statusCode":304,"timestamp":"2026-01-23 18:31:58","url":"/api/chat/messages/6973623f3aa8d41772dc03a1","userId":"6971dc84fe6e4f85a87f5f13"}
{"durationMs":4,"ip":"::1","level":"info","message":"HTTP Request","method":"GET","statusCode":304,"timestamp":"2026-01-23 18:31:58","url":"/api/chat/messages/6973623f3aa8d41772dc03a1","userId":"6971dc84fe6e4f85a87f5f13"}
{"durationMs":9,"ip":"::1","level":"info","message":"HTTP Request","method":"GET","statusCode":304,"timestamp":"2026-01-23 18:31:59","url":"/api/chat/messages/6973623f3aa8d41772dc03a1","userId":"6971dc84fe6e4f85a87f5f13"}
{"durationMs":4,"ip":"::1","level":"info","message":"HTTP Request","method":"GET","statusCode":304,"timestamp":"2026-01-23 18:31:59","url":"/api/chat/messages/6973623f3aa8d41772dc03a1","userId":"6971dc84fe6e4f85a87f5f13"}
{"durationMs":6,"ip":"::1","level":"info","message":"HTTP Request","method":"GET","statusCode":304,"timestamp":"2026-01-23 18:32:04","url":"/api/chat/messages/6973623f3aa8d41772dc03a1","userId":"6971dc84fe6e4f85a87f5f13"}
{"durationMs":4,"ip":"::1","level":"info","message":"HTTP Request","method":"GET","statusCode":304,"timestamp":"2026-01-23 18:32:04","url":"/api/chat/messages/6973623f3aa8d41772dc03a1","userId":"6971dc84fe6e4f85a87f5f13"}
{"durationMs":10,"ip":"::1","level":"info","message":"HTTP Request","method":"GET","statusCode":304,"timestamp":"2026-01-23 18:32:05","url":"/api/chat/messages/6973623f3aa8d41772dc03a1","userId":"6971dc84fe6e4f85a87f5f13"}
{"durationMs":6,"ip":"::1","level":"info","message":"HTTP Request","method":"GET","statusCode":304,"timestamp":"2026-01-23 18:32:05","url":"/api/chat/messages/6973623f3aa8d41772dc03a1","userId":"6971dc84fe6e4f85a87f5f13"}
{"durationMs":49,"ip":"::1","level":"info","message":"HTTP Request","method":"GET","statusCode":304,"timestamp":"2026-01-23 18:32:07","url":"/api/rides/696f5efb676097ae2dbd70c9/details","userId":"guest"}
{"durationMs":62,"ip":"::1","level":"info","message":"HTTP Request","method":"POST","statusCode":200,"timestamp":"2026-01-23 18:32:08","url":"/api/chat/conversation","userId":"6971dc84fe6e4f85a87f5f13"}
{"durationMs":4,"ip":"::1","level":"info","message":"HTTP Request","method":"GET","statusCode":304,"timestamp":"2026-01-23 18:32:08","url":"/api/chat/messages/6973623f3aa8d41772dc03a1","userId":"6971dc84fe6e4f85a87f5f13"}
{"durationMs":4,"ip":"::1","level":"info","message":"HTTP Request","method":"GET","statusCode":304,"timestamp":"2026-01-23 18:32:08","url":"/api/chat/messages/6973623f3aa8d41772dc03a1","userId":"6971dc84fe6e4f85a87f5f13"}
{"durationMs":5,"ip":"::1","level":"info","message":"HTTP Request","method":"GET","statusCode":304,"timestamp":"2026-01-23 18:32:09","url":"/api/chat/messages/6973623f3aa8d41772dc03a1","userId":"6971dc84fe6e4f85a87f5f13"}
{"durationMs":3,"ip":"::1","level":"info","message":"HTTP Request","method":"GET","statusCode":304,"timestamp":"2026-01-23 18:32:09","url":"/api/chat/messages/6973623f3aa8d41772dc03a1","userId":"6971dc84fe6e4f85a87f5f13"}
{"durationMs":36,"ip":"::1","level":"info","message":"HTTP Request","method":"GET","statusCode":304,"timestamp":"2026-01-23 18:32:12","url":"/api/rides/696f5efb676097ae2dbd70c9/details","userId":"guest"}
{"durationMs":66,"ip":"::1","level":"info","message":"HTTP Request","method":"POST","statusCode":200,"timestamp":"2026-01-23 18:32:35","url":"/api/chat/conversation","userId":"6971dc84fe6e4f85a87f5f13"}
{"durationMs":7,"ip":"::1","level":"info","message":"HTTP Request","method":"GET","statusCode":304,"timestamp":"2026-01-23 18:32:35","url":"/api/chat/messages/6973623f3aa8d41772dc03a1","userId":"6971dc84fe6e4f85a87f5f13"}
{"durationMs":8,"ip":"::1","level":"info","message":"HTTP Request","method":"GET","statusCode":304,"timestamp":"2026-01-23 18:32:35","url":"/api/chat/messages/6973623f3aa8d41772dc03a1","userId":"6971dc84fe6e4f85a87f5f13"}
{"durationMs":5,"ip":"::1","level":"info","message":"HTTP Request","method":"GET","statusCode":304,"timestamp":"2026-01-23 18:32:36","url":"/api/chat/messages/6973623f3aa8d41772dc03a1","userId":"6971dc84fe6e4f85a87f5f13"}
{"durationMs":4,"ip":"::1","level":"info","message":"HTTP Request","method":"GET","statusCode":304,"timestamp":"2026-01-23 18:32:36","url":"/api/chat/messages/6973623f3aa8d41772dc03a1","userId":"6971dc84fe6e4f85a87f5f13"}
{"durationMs":13,"ip":"::1","level":"info","message":"HTTP Request","method":"GET","statusCode":304,"timestamp":"2026-01-23 18:33:23","url":"/api/chat/messages/6973623f3aa8d41772dc03a1","userId":"6971dc84fe6e4f85a87f5f13"}
{"durationMs":6,"ip":"::1","level":"info","message":"HTTP Request","method":"GET","statusCode":304,"timestamp":"2026-01-23 18:33:23","url":"/api/chat/messages/6973623f3aa8d41772dc03a1","userId":"6971dc84fe6e4f85a87f5f13"}
{"durationMs":5,"ip":"::1","level":"info","message":"HTTP Request","method":"GET","statusCode":304,"timestamp":"2026-01-23 18:33:23","url":"/api/chat/messages/6973623f3aa8d41772dc03a1","userId":"6971dc84fe6e4f85a87f5f13"}
{"durationMs":6,"ip":"::1","level":"info","message":"HTTP Request","method":"GET","statusCode":304,"timestamp":"2026-01-23 18:33:23","url":"/api/chat/messages/6973623f3aa8d41772dc03a1","userId":"6971dc84fe6e4f85a87f5f13"}
{"durationMs":7,"ip":"::1","level":"info","message":"HTTP Request","method":"GET","statusCode":304,"timestamp":"2026-01-23 18:33:23","url":"/api/chat/messages/6973623f3aa8d41772dc03a1","userId":"6971dc84fe6e4f85a87f5f13"}
{"durationMs":7,"ip":"::1","level":"info","message":"HTTP Request","method":"GET","statusCode":304,"timestamp":"2026-01-23 18:33:23","url":"/api/chat/messages/6973623f3aa8d41772dc03a1","userId":"6971dc84fe6e4f85a87f5f13"}
{"durationMs":5,"ip":"::1","level":"info","message":"HTTP Request","method":"GET","statusCode":304,"timestamp":"2026-01-23 18:33:24","url":"/api/chat/messages/6973623f3aa8d41772dc03a1","userId":"6971dc84fe6e4f85a87f5f13"}
{"durationMs":4,"ip":"::1","level":"info","message":"HTTP Request","method":"GET","statusCode":304,"timestamp":"2026-01-23 18:33:24","url":"/api/chat/messages/6973623f3aa8d41772dc03a1","userId":"6971dc84fe6e4f85a87f5f13"}
{"durationMs":6,"ip":"::1","level":"info","message":"HTTP Request","method":"GET","statusCode":304,"timestamp":"2026-01-23 18:33:28","url":"/api/chat/messages/6973623f3aa8d41772dc03a1","userId":"6971dc84fe6e4f85a87f5f13"}
{"durationMs":4,"ip":"::1","level":"info","message":"HTTP Request","method":"GET","statusCode":304,"timestamp":"2026-01-23 18:33:28","url":"/api/chat/messages/6973623f3aa8d41772dc03a1","userId":"6971dc84fe6e4f85a87f5f13"}
{"durationMs":4,"ip":"::1","level":"info","message":"HTTP Request","method":"GET","statusCode":304,"timestamp":"2026-01-23 18:33:29","url":"/api/chat/messages/6973623f3aa8d41772dc03a1","userId":"6971dc84fe6e4f85a87f5f13"}
{"durationMs":3,"ip":"::1","level":"info","message":"HTTP Request","method":"GET","statusCode":304,"timestamp":"2026-01-23 18:33:29","url":"/api/chat/messages/6973623f3aa8d41772dc03a1","userId":"6971dc84fe6e4f85a87f5f13"}
{"durationMs":43,"ip":"::1","level":"info","message":"HTTP Request","method":"GET","statusCode":304,"timestamp":"2026-01-23 18:33:32","url":"/api/rides/696f5efb676097ae2dbd70c9/details","userId":"guest"}
{"durationMs":61,"ip":"::1","level":"info","message":"HTTP Request","method":"POST","statusCode":200,"timestamp":"2026-01-23 18:33:33","url":"/api/chat/conversation","userId":"6971dc84fe6e4f85a87f5f13"}
{"durationMs":5,"ip":"::1","level":"info","message":"HTTP Request","method":"GET","statusCode":304,"timestamp":"2026-01-23 18:33:33","url":"/api/chat/messages/6973623f3aa8d41772dc03a1","userId":"6971dc84fe6e4f85a87f5f13"}
{"durationMs":2,"ip":"::1","level":"info","message":"HTTP Request","method":"GET","statusCode":304,"timestamp":"2026-01-23 18:33:33","url":"/api/chat/messages/6973623f3aa8d41772dc03a1","userId":"6971dc84fe6e4f85a87f5f13"}
{"durationMs":7,"ip":"::1","level":"info","message":"HTTP Request","method":"GET","statusCode":304,"timestamp":"2026-01-23 18:33:34","url":"/api/chat/messages/6973623f3aa8d41772dc03a1","userId":"6971dc84fe6e4f85a87f5f13"}
{"durationMs":3,"ip":"::1","level":"info","message":"HTTP Request","method":"GET","statusCode":304,"timestamp":"2026-01-23 18:33:34","url":"/api/chat/messages/6973623f3aa8d41772dc03a1","userId":"6971dc84fe6e4f85a87f5f13"}
{"durationMs":4,"ip":"::1","level":"info","message":"HTTP Request","method":"GET","statusCode":304,"timestamp":"2026-01-23 18:33:54","url":"/api/chat/messages/6973623f3aa8d41772dc03a1","userId":"6971dc84fe6e4f85a87f5f13"}
{"durationMs":4,"ip":"::1","level":"info","message":"HTTP Request","method":"GET","statusCode":304,"timestamp":"2026-01-23 18:33:54","url":"/api/chat/messages/6973623f3aa8d41772dc03a1","userId":"6971dc84fe6e4f85a87f5f13"}
{"durationMs":3,"ip":"::1","level":"info","message":"HTTP Request","method":"GET","statusCode":304,"timestamp":"2026-01-23 18:33:54","url":"/api/chat/messages/6973623f3aa8d41772dc03a1","userId":"6971dc84fe6e4f85a87f5f13"}
{"durationMs":5,"ip":"::1","level":"info","message":"HTTP Request","method":"GET","statusCode":304,"timestamp":"2026-01-23 18:33:54","url":"/api/chat/messages/6973623f3aa8d41772dc03a1","userId":"6971dc84fe6e4f85a87f5f13"}
{"durationMs":6,"ip":"::1","level":"info","message":"HTTP Request","method":"GET","statusCode":304,"timestamp":"2026-01-23 18:33:54","url":"/api/chat/messages/6973623f3aa8d41772dc03a1","userId":"6971dc84fe6e4f85a87f5f13"}
{"durationMs":3,"ip":"::1","level":"info","message":"HTTP Request","method":"GET","statusCode":304,"timestamp":"2026-01-23 18:33:54","url":"/api/chat/messages/6973623f3aa8d41772dc03a1","userId":"6971dc84fe6e4f85a87f5f13"}
{"durationMs":4,"ip":"::1","level":"info","message":"HTTP Request","method":"GET","statusCode":304,"timestamp":"2026-01-23 18:33:55","url":"/api/chat/messages/6973623f3aa8d41772dc03a1","userId":"6971dc84fe6e4f85a87f5f13"}
{"durationMs":6,"ip":"::1","level":"info","message":"HTTP Request","method":"GET","statusCode":304,"timestamp":"2026-01-23 18:33:55","url":"/api/chat/messages/6973623f3aa8d41772dc03a1","userId":"6971dc84fe6e4f85a87f5f13"}
{"durationMs":15,"ip":"::1","level":"info","message":"HTTP Request","method":"GET","statusCode":304,"timestamp":"2026-01-23 18:34:03","url":"/api/chat/messages/6973623f3aa8d41772dc03a1","userId":"6971dc84fe6e4f85a87f5f13"}
{"durationMs":4,"ip":"::1","level":"info","message":"HTTP Request","method":"GET","statusCode":304,"timestamp":"2026-01-23 18:34:03","url":"/api/chat/messages/6973623f3aa8d41772dc03a1","userId":"6971dc84fe6e4f85a87f5f13"}
{"durationMs":3,"ip":"::1","level":"info","message":"HTTP Request","method":"GET","statusCode":304,"timestamp":"2026-01-23 18:34:03","url":"/api/chat/messages/6973623f3aa8d41772dc03a1","userId":"6971dc84fe6e4f85a87f5f13"}
{"durationMs":4,"ip":"::1","level":"info","message":"HTTP Request","method":"GET","statusCode":304,"timestamp":"2026-01-23 18:34:03","url":"/api/chat/messages/6973623f3aa8d41772dc03a1","userId":"6971dc84fe6e4f85a87f5f13"}
{"durationMs":3,"ip":"::1","level":"info","message":"HTTP Request","method":"GET","statusCode":304,"timestamp":"2026-01-23 18:34:03","url":"/api/chat/messages/6973623f3aa8d41772dc03a1","userId":"6971dc84fe6e4f85a87f5f13"}
{"durationMs":5,"ip":"::1","level":"info","message":"HTTP Request","method":"GET","statusCode":304,"timestamp":"2026-01-23 18:34:03","url":"/api/chat/messages/6973623f3aa8d41772dc03a1","userId":"6971dc84fe6e4f85a87f5f13"}
{"durationMs":10,"ip":"::1","level":"info","message":"HTTP Request","method":"GET","statusCode":304,"timestamp":"2026-01-23 18:34:04","url":"/api/chat/messages/6973623f3aa8d41772dc03a1","userId":"6971dc84fe6e4f85a87f5f13"}
{"durationMs":3,"ip":"::1","level":"info","message":"HTTP Request","method":"GET","statusCode":304,"timestamp":"2026-01-23 18:34:04","url":"/api/chat/messages/6973623f3aa8d41772dc03a1","userId":"6971dc84fe6e4f85a87f5f13"}
{"durationMs":36,"ip":"::1","level":"info","message":"HTTP Request","method":"GET","statusCode":304,"timestamp":"2026-01-23 18:34:05","url":"/api/rides/696f5efb676097ae2dbd70c9/details","userId":"guest"}
{"durationMs":57,"ip":"::1","level":"info","message":"HTTP Request","method":"POST","statusCode":200,"timestamp":"2026-01-23 18:34:07","url":"/api/chat/conversation","userId":"6971dc84fe6e4f85a87f5f13"}
{"durationMs":4,"ip":"::1","level":"info","message":"HTTP Request","method":"GET","statusCode":304,"timestamp":"2026-01-23 18:34:07","url":"/api/chat/messages/6973623f3aa8d41772dc03a1","userId":"6971dc84fe6e4f85a87f5f13"}
{"durationMs":4,"ip":"::1","level":"info","message":"HTTP Request","method":"GET","statusCode":304,"timestamp":"2026-01-23 18:34:07","url":"/api/chat/messages/6973623f3aa8d41772dc03a1","userId":"6971dc84fe6e4f85a87f5f13"}
{"durationMs":8,"ip":"::1","level":"info","message":"HTTP Request","method":"GET","statusCode":304,"timestamp":"2026-01-23 18:34:08","url":"/api/chat/messages/6973623f3aa8d41772dc03a1","userId":"6971dc84fe6e4f85a87f5f13"}
{"durationMs":2,"ip":"::1","level":"info","message":"HTTP Request","method":"GET","statusCode":304,"timestamp":"2026-01-23 18:34:08","url":"/api/chat/messages/6973623f3aa8d41772dc03a1","userId":"6971dc84fe6e4f85a87f5f13"}
{"durationMs":45,"ip":"::1","level":"info","message":"HTTP Request","method":"GET","statusCode":304,"timestamp":"2026-01-23 18:34:17","url":"/api/rides/696f5efb676097ae2dbd70c9/details","userId":"guest"}
{"durationMs":28,"ip":"::1","level":"info","message":"HTTP Request","method":"POST","statusCode":200,"timestamp":"2026-01-23 18:34:37","url":"/api/chat/conversation","userId":"6971dc84fe6e4f85a87f5f13"}
{"durationMs":4,"ip":"::1","level":"info","message":"HTTP Request","method":"GET","statusCode":304,"timestamp":"2026-01-23 18:34:37","url":"/api/chat/messages/6973623f3aa8d41772dc03a1","userId":"6971dc84fe6e4f85a87f5f13"}
{"durationMs":3,"ip":"::1","level":"info","message":"HTTP Request","method":"GET","statusCode":304,"timestamp":"2026-01-23 18:34:37","url":"/api/chat/messages/6973623f3aa8d41772dc03a1","userId":"6971dc84fe6e4f85a87f5f13"}
{"durationMs":4,"ip":"::1","level":"info","message":"HTTP Request","method":"GET","statusCode":304,"timestamp":"2026-01-23 18:34:38","url":"/api/chat/messages/6973623f3aa8d41772dc03a1","userId":"6971dc84fe6e4f85a87f5f13"}
{"durationMs":4,"ip":"::1","level":"info","message":"HTTP Request","method":"GET","statusCode":304,"timestamp":"2026-01-23 18:34:38","url":"/api/chat/messages/6973623f3aa8d41772dc03a1","userId":"6971dc84fe6e4f85a87f5f13"}
{"durationMs":4,"ip":"::1","level":"info","message":"HTTP Request","method":"GET","statusCode":304,"timestamp":"2026-01-23 18:34:43","url":"/api/chat/messages/6973623f3aa8d41772dc03a1","userId":"6971dc84fe6e4f85a87f5f13"}
{"durationMs":4,"ip":"::1","level":"info","message":"HTTP Request","method":"GET","statusCode":304,"timestamp":"2026-01-23 18:34:43","url":"/api/chat/messages/6973623f3aa8d41772dc03a1","userId":"6971dc84fe6e4f85a87f5f13"}
{"durationMs":3,"ip":"::1","level":"info","message":"HTTP Request","method":"GET","statusCode":304,"timestamp":"2026-01-23 18:34:43","url":"/api/chat/messages/6973623f3aa8d41772dc03a1","userId":"6971dc84fe6e4f85a87f5f13"}
{"durationMs":3,"ip":"::1","level":"info","message":"HTTP Request","method":"GET","statusCode":304,"timestamp":"2026-01-23 18:34:43","url":"/api/chat/messages/6973623f3aa8d41772dc03a1","userId":"6971dc84fe6e4f85a87f5f13"}
{"durationMs":3,"ip":"::1","level":"info","message":"HTTP Request","method":"GET","statusCode":304,"timestamp":"2026-01-23 18:34:43","url":"/api/chat/messages/6973623f3aa8d41772dc03a1","userId":"6971dc84fe6e4f85a87f5f13"}
{"durationMs":3,"ip":"::1","level":"info","message":"HTTP Request","method":"GET","statusCode":304,"timestamp":"2026-01-23 18:34:43","url":"/api/chat/messages/6973623f3aa8d41772dc03a1","userId":"6971dc84fe6e4f85a87f5f13"}
{"durationMs":6,"ip":"::1","level":"info","message":"HTTP Request","method":"GET","statusCode":304,"timestamp":"2026-01-23 18:34:44","url":"/api/chat/messages/6973623f3aa8d41772dc03a1","userId":"6971dc84fe6e4f85a87f5f13"}
{"durationMs":4,"ip":"::1","level":"info","message":"HTTP Request","method":"GET","statusCode":304,"timestamp":"2026-01-23 18:34:44","url":"/api/chat/messages/6973623f3aa8d41772dc03a1","userId":"6971dc84fe6e4f85a87f5f13"}
