{"durationMs":85,"ip":"::1","level":"info","message":"HTTP Request","method":"POST","statusCode":200,"timestamp":"2026-01-28 10:15:36","url":"/api/auth/login","userId":"guest"}
{"ip":"::1","level":"error","message":"Unhandled Error Cannot destructure property 'userId' of 'req.body' as it is undefined.","method":"POST","stack":"TypeError: Cannot destructure property 'userId' of 'req.body' as it is undefined.\n    at getOrCreateConversation (file:///home/tej/Desktop/my_work/go2gather_project/backend/src/controllers/chatController.js:7:13)\n    at Layer.handleRequest (/home/tej/Desktop/my_work/go2gather_project/backend/node_modules/router/lib/layer.js:152:17)\n    at next (/home/tej/Desktop/my_work/go2gather_project/backend/node_modules/router/lib/route.js:157:13)\n    at protect (file:///home/tej/Desktop/my_work/go2gather_project/backend/src/middlewares/authMiddleware.js:22:7)\n    at process.processTicksAndRejections (node:internal/process/task_queues:95:5)","statusCode":500,"timestamp":"2026-01-28 10:19:12","url":"/api/chat/conversation","userId":"6964e16e058c4379c161c247"}
{"durationMs":6,"ip":"::1","level":"info","message":"HTTP Request","method":"POST","statusCode":500,"timestamp":"2026-01-28 10:19:12","url":"/api/chat/conversation","userId":"6964e16e058c4379c161c247"}
{"documentId":"6964e16e058c4379c161c247","level":"info","message":"DB Operation","metadata":{},"model":"User","operation":"UPDATE","timestamp":"2026-01-28 14:24:53","userId":"6964e16e058c4379c161c247"}
{"durationMs":997,"ip":"::1","level":"info","message":"HTTP Request","method":"GET","statusCode":304,"timestamp":"2026-01-28 14:24:53","url":"/api/stripe/connect/status","userId":"6964e16e058c4379c161c247"}
{"durationMs":14,"ip":"::1","level":"info","message":"HTTP Request","method":"GET","statusCode":304,"timestamp":"2026-01-28 14:24:53","url":"/api/admin/vehicle-types","userId":"guest"}
{"durationMs":39,"ip":"::1","level":"info","message":"HTTP Request","method":"GET","statusCode":200,"timestamp":"2026-01-28 14:24:53","url":"/api/vehicles/approved/types","userId":"6964e16e058c4379c161c247"}
{"durationMs":49,"ip":"::1","level":"info","message":"HTTP Request","method":"GET","statusCode":200,"timestamp":"2026-01-28 14:24:53","url":"/api/vehicles/approved","userId":"6964e16e058c4379c161c247"}
{"documentId":"6964e16e058c4379c161c247","level":"info","message":"DB Operation","metadata":{},"model":"User","operation":"UPDATE","timestamp":"2026-01-28 14:24:54","userId":"6964e16e058c4379c161c247"}
{"durationMs":671,"ip":"::1","level":"info","message":"HTTP Request","method":"GET","statusCode":304,"timestamp":"2026-01-28 14:24:54","url":"/api/stripe/connect/status","userId":"6964e16e058c4379c161c247"}
{"documentId":"6964e16e058c4379c161c247","level":"info","message":"DB Operation","metadata":{},"model":"User","operation":"UPDATE","timestamp":"2026-01-28 14:25:06","userId":"6964e16e058c4379c161c247"}
{"durationMs":720,"ip":"::1","level":"info","message":"HTTP Request","method":"GET","statusCode":304,"timestamp":"2026-01-28 14:25:06","url":"/api/stripe/connect/status","userId":"6964e16e058c4379c161c247"}
{"durationMs":5,"ip":"::1","level":"info","message":"HTTP Request","method":"GET","statusCode":304,"timestamp":"2026-01-28 14:25:06","url":"/api/admin/vehicle-types","userId":"guest"}
{"durationMs":11,"ip":"::1","level":"info","message":"HTTP Request","method":"GET","statusCode":304,"timestamp":"2026-01-28 14:25:06","url":"/api/vehicles/approved/types","userId":"6964e16e058c4379c161c247"}
{"durationMs":20,"ip":"::1","level":"info","message":"HTTP Request","method":"GET","statusCode":304,"timestamp":"2026-01-28 14:25:06","url":"/api/vehicles/approved","userId":"6964e16e058c4379c161c247"}
{"documentId":"6964e16e058c4379c161c247","level":"info","message":"DB Operation","metadata":{},"model":"User","operation":"UPDATE","timestamp":"2026-01-28 14:25:07","userId":"6964e16e058c4379c161c247"}
{"durationMs":714,"ip":"::1","level":"info","message":"HTTP Request","method":"GET","statusCode":304,"timestamp":"2026-01-28 14:25:07","url":"/api/stripe/connect/status","userId":"6964e16e058c4379c161c247"}
{"durationMs":4,"ip":"::1","level":"info","message":"HTTP Request","method":"GET","statusCode":304,"timestamp":"2026-01-28 14:26:26","url":"/api/admin/vehicle-types","userId":"guest"}
{"durationMs":11,"ip":"::1","level":"info","message":"HTTP Request","method":"GET","statusCode":304,"timestamp":"2026-01-28 14:26:26","url":"/api/vehicles/approved/types","userId":"6964e16e058c4379c161c247"}
{"durationMs":15,"ip":"::1","level":"info","message":"HTTP Request","method":"GET","statusCode":304,"timestamp":"2026-01-28 14:26:26","url":"/api/vehicles/approved","userId":"6964e16e058c4379c161c247"}
