{"durationMs":79,"ip":"::1","level":"info","message":"HTTP Request","method":"POST","statusCode":200,"timestamp":"2026-02-03 10:18:40","url":"/api/auth/login","userId":"guest"}
{"durationMs":20,"ip":"::1","level":"info","message":"HTTP Request","method":"GET","statusCode":304,"timestamp":"2026-02-03 10:18:46","url":"/api/chat/conversations","userId":"6964e16e058c4379c161c247"}
{"durationMs":14,"ip":"::1","level":"info","message":"HTTP Request","method":"PATCH","statusCode":200,"timestamp":"2026-02-03 10:18:47","url":"/api/chat/conversations/697ca5f87bfde497762b596f/read","userId":"6964e16e058c4379c161c247"}
{"durationMs":15,"ip":"::1","level":"info","message":"HTTP Request","method":"PATCH","statusCode":200,"timestamp":"2026-02-03 10:18:47","url":"/api/chat/conversations/697ca5f87bfde497762b596f/read","userId":"6964e16e058c4379c161c247"}
{"durationMs":13,"ip":"::1","level":"info","message":"HTTP Request","method":"GET","statusCode":304,"timestamp":"2026-02-03 10:18:47","url":"/api/chat/messages/697ca5f87bfde497762b596f","userId":"6964e16e058c4379c161c247"}
{"durationMs":8,"ip":"::1","level":"info","message":"HTTP Request","method":"GET","statusCode":304,"timestamp":"2026-02-03 10:18:55","url":"/api/chat/conversations","userId":"6964e16e058c4379c161c247"}
{"durationMs":9,"ip":"::1","level":"info","message":"HTTP Request","method":"PATCH","statusCode":200,"timestamp":"2026-02-03 10:18:57","url":"/api/chat/conversations/697c8659e4310462e37b143f/read","userId":"6964e16e058c4379c161c247"}
{"durationMs":12,"ip":"::1","level":"info","message":"HTTP Request","method":"GET","statusCode":304,"timestamp":"2026-02-03 10:18:57","url":"/api/chat/messages/697c8659e4310462e37b143f","userId":"6964e16e058c4379c161c247"}
{"durationMs":15,"ip":"::1","level":"info","message":"HTTP Request","method":"PATCH","statusCode":200,"timestamp":"2026-02-03 10:18:57","url":"/api/chat/conversations/697c8659e4310462e37b143f/read","userId":"6964e16e058c4379c161c247"}
{"durationMs":8,"ip":"::1","level":"info","message":"HTTP Request","method":"GET","statusCode":304,"timestamp":"2026-02-03 10:19:07","url":"/api/chat/conversations","userId":"6964e16e058c4379c161c247"}
{"durationMs":5,"ip":"::1","level":"info","message":"HTTP Request","method":"PATCH","statusCode":200,"timestamp":"2026-02-03 10:19:08","url":"/api/chat/conversations/697c74afe4310462e37b11d5/read","userId":"6964e16e058c4379c161c247"}
{"durationMs":8,"ip":"::1","level":"info","message":"HTTP Request","method":"PATCH","statusCode":200,"timestamp":"2026-02-03 10:19:08","url":"/api/chat/conversations/697c74afe4310462e37b11d5/read","userId":"6964e16e058c4379c161c247"}
{"durationMs":5,"ip":"::1","level":"info","message":"HTTP Request","method":"GET","statusCode":304,"timestamp":"2026-02-03 10:19:08","url":"/api/chat/messages/697c74afe4310462e37b11d5","userId":"6964e16e058c4379c161c247"}
{"durationMs":9,"ip":"::1","level":"info","message":"HTTP Request","method":"GET","statusCode":304,"timestamp":"2026-02-03 10:19:10","url":"/api/chat/conversations","userId":"6964e16e058c4379c161c247"}
{"durationMs":7,"ip":"::1","level":"info","message":"HTTP Request","method":"PATCH","statusCode":200,"timestamp":"2026-02-03 10:19:10","url":"/api/chat/conversations/697ca5f87bfde497762b596f/read","userId":"6964e16e058c4379c161c247"}
{"durationMs":9,"ip":"::1","level":"info","message":"HTTP Request","method":"PATCH","statusCode":200,"timestamp":"2026-02-03 10:19:10","url":"/api/chat/conversations/697ca5f87bfde497762b596f/read","userId":"6964e16e058c4379c161c247"}
{"durationMs":10,"ip":"::1","level":"info","message":"HTTP Request","method":"GET","statusCode":304,"timestamp":"2026-02-03 10:19:10","url":"/api/chat/messages/697ca5f87bfde497762b596f","userId":"6964e16e058c4379c161c247"}
{"durationMs":7,"ip":"::1","level":"info","message":"HTTP Request","method":"GET","statusCode":304,"timestamp":"2026-02-03 10:19:12","url":"/api/chat/conversations","userId":"6964e16e058c4379c161c247"}
{"ip":"::1","level":"error","message":"Unhandled Error Invalid credentials","method":"POST","stack":"Error: Invalid credentials\n    at loginUser (file:///home/tej/Desktop/my_work/go2gather_project/backend/src/controllers/authController.js:67:19)","statusCode":401,"timestamp":"2026-02-03 10:47:44","url":"/api/auth/login","userId":"guest"}
{"durationMs":62,"ip":"::1","level":"info","message":"HTTP Request","method":"POST","statusCode":401,"timestamp":"2026-02-03 10:47:44","url":"/api/auth/login","userId":"guest"}
{"durationMs":63,"ip":"::1","level":"info","message":"HTTP Request","method":"POST","statusCode":200,"timestamp":"2026-02-03 10:47:46","url":"/api/auth/login","userId":"guest"}
{"documentId":"69661d453047dd0a27caae16","level":"info","message":"DB Operation","metadata":{},"model":"User","operation":"UPDATE","timestamp":"2026-02-03 10:47:50","userId":"69661d453047dd0a27caae16"}
{"durationMs":1078,"ip":"::1","level":"info","message":"HTTP Request","method":"GET","statusCode":304,"timestamp":"2026-02-03 10:47:50","url":"/api/stripe/connect/status","userId":"69661d453047dd0a27caae16"}
{"durationMs":16,"ip":"::1","level":"info","message":"HTTP Request","method":"GET","statusCode":304,"timestamp":"2026-02-03 10:47:50","url":"/api/admin/vehicle-types","userId":"guest"}
{"durationMs":31,"ip":"::1","level":"info","message":"HTTP Request","method":"GET","statusCode":200,"timestamp":"2026-02-03 10:47:50","url":"/api/vehicles/approved/types","userId":"69661d453047dd0a27caae16"}
{"durationMs":41,"ip":"::1","level":"info","message":"HTTP Request","method":"GET","statusCode":200,"timestamp":"2026-02-03 10:47:50","url":"/api/vehicles/approved","userId":"69661d453047dd0a27caae16"}
{"documentId":"69661d453047dd0a27caae16","level":"info","message":"DB Operation","metadata":{},"model":"User","operation":"UPDATE","timestamp":"2026-02-03 10:47:51","userId":"69661d453047dd0a27caae16"}
{"durationMs":700,"ip":"::1","level":"info","message":"HTTP Request","method":"GET","statusCode":304,"timestamp":"2026-02-03 10:47:51","url":"/api/stripe/connect/status","userId":"69661d453047dd0a27caae16"}
{"documentId":"69661d453047dd0a27caae16","level":"info","message":"DB Operation","metadata":{},"model":"User","operation":"UPDATE","timestamp":"2026-02-03 10:51:00","userId":"69661d453047dd0a27caae16"}
{"durationMs":894,"ip":"::1","level":"info","message":"HTTP Request","method":"GET","statusCode":304,"timestamp":"2026-02-03 10:51:00","url":"/api/stripe/connect/status","userId":"69661d453047dd0a27caae16"}
{"durationMs":6,"ip":"::1","level":"info","message":"HTTP Request","method":"GET","statusCode":304,"timestamp":"2026-02-03 10:51:00","url":"/api/admin/vehicle-types","userId":"guest"}
{"durationMs":14,"ip":"::1","level":"info","message":"HTTP Request","method":"GET","statusCode":304,"timestamp":"2026-02-03 10:51:00","url":"/api/vehicles/approved/types","userId":"69661d453047dd0a27caae16"}
{"durationMs":20,"ip":"::1","level":"info","message":"HTTP Request","method":"GET","statusCode":304,"timestamp":"2026-02-03 10:51:00","url":"/api/vehicles/approved","userId":"69661d453047dd0a27caae16"}
{"documentId":"69661d453047dd0a27caae16","level":"info","message":"DB Operation","metadata":{},"model":"User","operation":"UPDATE","timestamp":"2026-02-03 10:51:00","userId":"69661d453047dd0a27caae16"}
{"durationMs":697,"ip":"::1","level":"info","message":"HTTP Request","method":"GET","statusCode":304,"timestamp":"2026-02-03 10:51:00","url":"/api/stripe/connect/status","userId":"69661d453047dd0a27caae16"}
{"documentId":"69661d453047dd0a27caae16","level":"info","message":"DB Operation","metadata":{},"model":"User","operation":"UPDATE","timestamp":"2026-02-03 10:51:16","userId":"69661d453047dd0a27caae16"}
{"durationMs":724,"ip":"::1","level":"info","message":"HTTP Request","method":"GET","statusCode":304,"timestamp":"2026-02-03 10:51:16","url":"/api/stripe/connect/status","userId":"69661d453047dd0a27caae16"}
{"durationMs":8,"ip":"::1","level":"info","message":"HTTP Request","method":"GET","statusCode":304,"timestamp":"2026-02-03 10:51:16","url":"/api/admin/vehicle-types","userId":"guest"}
{"durationMs":13,"ip":"::1","level":"info","message":"HTTP Request","method":"GET","statusCode":304,"timestamp":"2026-02-03 10:51:16","url":"/api/vehicles/approved","userId":"69661d453047dd0a27caae16"}
{"durationMs":11,"ip":"::1","level":"info","message":"HTTP Request","method":"GET","statusCode":304,"timestamp":"2026-02-03 10:51:16","url":"/api/vehicles/approved/types","userId":"69661d453047dd0a27caae16"}
{"documentId":"69661d453047dd0a27caae16","level":"info","message":"DB Operation","metadata":{},"model":"User","operation":"UPDATE","timestamp":"2026-02-03 10:51:17","userId":"69661d453047dd0a27caae16"}
{"durationMs":619,"ip":"::1","level":"info","message":"HTTP Request","method":"GET","statusCode":304,"timestamp":"2026-02-03 10:51:17","url":"/api/stripe/connect/status","userId":"69661d453047dd0a27caae16"}
{"documentId":"69661d453047dd0a27caae16","level":"info","message":"DB Operation","metadata":{},"model":"User","operation":"UPDATE","timestamp":"2026-02-03 10:51:24","userId":"69661d453047dd0a27caae16"}
{"durationMs":674,"ip":"::1","level":"info","message":"HTTP Request","method":"GET","statusCode":304,"timestamp":"2026-02-03 10:51:24","url":"/api/stripe/connect/status","userId":"69661d453047dd0a27caae16"}
{"durationMs":15,"ip":"::1","level":"info","message":"HTTP Request","method":"GET","statusCode":304,"timestamp":"2026-02-03 10:51:24","url":"/api/admin/vehicle-types","userId":"guest"}
{"durationMs":15,"ip":"::1","level":"info","message":"HTTP Request","method":"GET","statusCode":304,"timestamp":"2026-02-03 10:51:24","url":"/api/vehicles/approved/types","userId":"69661d453047dd0a27caae16"}
{"durationMs":21,"ip":"::1","level":"info","message":"HTTP Request","method":"GET","statusCode":304,"timestamp":"2026-02-03 10:51:24","url":"/api/vehicles/approved","userId":"69661d453047dd0a27caae16"}
{"documentId":"69661d453047dd0a27caae16","level":"info","message":"DB Operation","metadata":{},"model":"User","operation":"UPDATE","timestamp":"2026-02-03 10:51:24","userId":"69661d453047dd0a27caae16"}
{"durationMs":662,"ip":"::1","level":"info","message":"HTTP Request","method":"GET","statusCode":304,"timestamp":"2026-02-03 10:51:24","url":"/api/stripe/connect/status","userId":"69661d453047dd0a27caae16"}
{"documentId":"69661d453047dd0a27caae16","level":"info","message":"DB Operation","metadata":{},"model":"User","operation":"UPDATE","timestamp":"2026-02-03 10:51:28","userId":"69661d453047dd0a27caae16"}
{"durationMs":703,"ip":"::1","level":"info","message":"HTTP Request","method":"GET","statusCode":304,"timestamp":"2026-02-03 10:51:28","url":"/api/stripe/connect/status","userId":"69661d453047dd0a27caae16"}
{"durationMs":4,"ip":"::1","level":"info","message":"HTTP Request","method":"GET","statusCode":304,"timestamp":"2026-02-03 10:51:28","url":"/api/admin/vehicle-types","userId":"guest"}
{"durationMs":10,"ip":"::1","level":"info","message":"HTTP Request","method":"GET","statusCode":304,"timestamp":"2026-02-03 10:51:28","url":"/api/vehicles/approved/types","userId":"69661d453047dd0a27caae16"}
{"durationMs":12,"ip":"::1","level":"info","message":"HTTP Request","method":"GET","statusCode":304,"timestamp":"2026-02-03 10:51:28","url":"/api/vehicles/approved","userId":"69661d453047dd0a27caae16"}
{"documentId":"69661d453047dd0a27caae16","level":"info","message":"DB Operation","metadata":{},"model":"User","operation":"UPDATE","timestamp":"2026-02-03 10:51:29","userId":"69661d453047dd0a27caae16"}
{"durationMs":640,"ip":"::1","level":"info","message":"HTTP Request","method":"GET","statusCode":304,"timestamp":"2026-02-03 10:51:29","url":"/api/stripe/connect/status","userId":"69661d453047dd0a27caae16"}
{"documentId":"69661d453047dd0a27caae16","level":"info","message":"DB Operation","metadata":{},"model":"User","operation":"UPDATE","timestamp":"2026-02-03 10:51:36","userId":"69661d453047dd0a27caae16"}
{"durationMs":688,"ip":"::1","level":"info","message":"HTTP Request","method":"GET","statusCode":304,"timestamp":"2026-02-03 10:51:36","url":"/api/stripe/connect/status","userId":"69661d453047dd0a27caae16"}
{"durationMs":9,"ip":"::1","level":"info","message":"HTTP Request","method":"GET","statusCode":304,"timestamp":"2026-02-03 10:51:36","url":"/api/admin/vehicle-types","userId":"guest"}
{"durationMs":13,"ip":"::1","level":"info","message":"HTTP Request","method":"GET","statusCode":304,"timestamp":"2026-02-03 10:51:36","url":"/api/vehicles/approved/types","userId":"69661d453047dd0a27caae16"}
{"durationMs":17,"ip":"::1","level":"info","message":"HTTP Request","method":"GET","statusCode":304,"timestamp":"2026-02-03 10:51:36","url":"/api/vehicles/approved","userId":"69661d453047dd0a27caae16"}
{"documentId":"69661d453047dd0a27caae16","level":"info","message":"DB Operation","metadata":{},"model":"User","operation":"UPDATE","timestamp":"2026-02-03 10:51:37","userId":"69661d453047dd0a27caae16"}
{"durationMs":652,"ip":"::1","level":"info","message":"HTTP Request","method":"GET","statusCode":304,"timestamp":"2026-02-03 10:51:37","url":"/api/stripe/connect/status","userId":"69661d453047dd0a27caae16"}
{"durationMs":1339,"ip":"::1","level":"info","message":"HTTP Request","method":"POST","statusCode":200,"timestamp":"2026-02-03 10:52:06","url":"/api/routes/preview","userId":"guest"}
{"durationMs":2,"ip":"::1","level":"info","message":"HTTP Request","method":"GET","statusCode":200,"timestamp":"2026-02-03 10:52:26","url":"/api/time/slots?date=Thu%20Feb%2005%202026%2000:00:00%20GMT+0530%20(India%20Standard%20Time)","userId":"guest"}
{"durationMs":1,"ip":"::1","level":"info","message":"HTTP Request","method":"GET","statusCode":200,"timestamp":"2026-02-03 10:52:32","url":"/api/time/slots?date=Thu%20Feb%2012%202026%2000:00:00%20GMT+0530%20(India%20Standard%20Time)","userId":"guest"}
{"durationMs":5,"ip":"::1","level":"info","message":"HTTP Request","method":"GET","statusCode":304,"timestamp":"2026-02-03 10:52:38","url":"/api/admin/seat-templates/6964cda12d82e169faa3ddc8","userId":"guest"}
{"documentId":"6981862e0033a75d09da6b31","level":"info","message":"DB Operation","metadata":{},"model":"Ride","operation":"CREATE","timestamp":"2026-02-03 10:52:54","userId":"69661d453047dd0a27caae16"}
{"documentId":"6981862e0033a75d09da6b31","level":"info","message":"DB Operation","metadata":{},"model":"RideSeat","operation":"CREATE","timestamp":"2026-02-03 10:52:54","userId":"69661d453047dd0a27caae16"}
{"durationMs":1506,"ip":"::1","level":"info","message":"HTTP Request","method":"POST","statusCode":201,"timestamp":"2026-02-03 10:52:54","url":"/api/rides","userId":"69661d453047dd0a27caae16"}
{"durationMs":1,"ip":"::1","level":"info","message":"HTTP Request","method":"GET","statusCode":404,"timestamp":"2026-02-03 10:52:55","url":"/api/rides/6981862e0033a75d09da6b31","userId":"guest"}
{"durationMs":0,"ip":"::1","level":"info","message":"HTTP Request","method":"GET","statusCode":404,"timestamp":"2026-02-03 10:52:56","url":"/api/rides/6981862e0033a75d09da6b31","userId":"guest"}
{"documentId":"69661d453047dd0a27caae16","level":"info","message":"DB Operation","metadata":{},"model":"User","operation":"UPDATE","timestamp":"2026-02-03 10:58:10","userId":"69661d453047dd0a27caae16"}
{"durationMs":962,"ip":"::1","level":"info","message":"HTTP Request","method":"GET","statusCode":304,"timestamp":"2026-02-03 10:58:10","url":"/api/stripe/connect/status","userId":"69661d453047dd0a27caae16"}
{"durationMs":6,"ip":"::1","level":"info","message":"HTTP Request","method":"GET","statusCode":304,"timestamp":"2026-02-03 10:58:10","url":"/api/admin/vehicle-types","userId":"guest"}
{"durationMs":21,"ip":"::1","level":"info","message":"HTTP Request","method":"GET","statusCode":304,"timestamp":"2026-02-03 10:58:10","url":"/api/vehicles/approved/types","userId":"69661d453047dd0a27caae16"}
{"durationMs":27,"ip":"::1","level":"info","message":"HTTP Request","method":"GET","statusCode":304,"timestamp":"2026-02-03 10:58:10","url":"/api/vehicles/approved","userId":"69661d453047dd0a27caae16"}
{"documentId":"69661d453047dd0a27caae16","level":"info","message":"DB Operation","metadata":{},"model":"User","operation":"UPDATE","timestamp":"2026-02-03 10:58:11","userId":"69661d453047dd0a27caae16"}
{"durationMs":679,"ip":"::1","level":"info","message":"HTTP Request","method":"GET","statusCode":304,"timestamp":"2026-02-03 10:58:11","url":"/api/stripe/connect/status","userId":"69661d453047dd0a27caae16"}
{"durationMs":126,"ip":"::1","level":"info","message":"HTTP Request","method":"GET","statusCode":200,"timestamp":"2026-02-03 18:10:54","url":"/api/rides/search?fromLat=30.2092778&fromLng=76.3397231&toLat=21.2094892&toLng=72.8317058&date=2026-02-12&passengers=1","userId":"guest"}
{"durationMs":75,"ip":"::1","level":"info","message":"HTTP Request","method":"GET","statusCode":200,"timestamp":"2026-02-03 18:10:56","url":"/api/rides/6981862e0033a75d09da6b31/details","userId":"guest"}
{"ip":"::1","level":"error","message":"Unhandled Error You cannot book your own ride","method":"POST","stack":"Error: You cannot book your own ride\n    at prepareBooking (file:///home/tej/Desktop/my_work/go2gather_project/backend/src/controllers/bookingController.js:28:19)\n    at process.processTicksAndRejections (node:internal/process/task_queues:95:5)","statusCode":403,"timestamp":"2026-02-03 18:11:36","url":"/api/bookings/prepare","userId":"69661d453047dd0a27caae16"}
{"durationMs":63,"ip":"::1","level":"info","message":"HTTP Request","method":"POST","statusCode":403,"timestamp":"2026-02-03 18:11:36","url":"/api/bookings/prepare","userId":"69661d453047dd0a27caae16"}
{"durationMs":88,"ip":"::1","level":"info","message":"HTTP Request","method":"GET","statusCode":304,"timestamp":"2026-02-03 18:18:13","url":"/api/rides/6981862e0033a75d09da6b31/details","userId":"guest"}
{"durationMs":59,"ip":"::1","level":"info","message":"HTTP Request","method":"GET","statusCode":304,"timestamp":"2026-02-03 18:18:16","url":"/api/rides/6981862e0033a75d09da6b31/details","userId":"guest"}
{"durationMs":47,"ip":"::1","level":"info","message":"HTTP Request","method":"GET","statusCode":304,"timestamp":"2026-02-03 18:18:19","url":"/api/rides/6981862e0033a75d09da6b31/details","userId":"guest"}
{"durationMs":71,"ip":"::1","level":"info","message":"HTTP Request","method":"GET","statusCode":304,"timestamp":"2026-02-03 18:19:08","url":"/api/rides/6981862e0033a75d09da6b31/details","userId":"guest"}
{"durationMs":53,"ip":"::1","level":"info","message":"HTTP Request","method":"GET","statusCode":304,"timestamp":"2026-02-03 18:19:11","url":"/api/rides/6981862e0033a75d09da6b31/details","userId":"guest"}
{"durationMs":48,"ip":"::1","level":"info","message":"HTTP Request","method":"GET","statusCode":304,"timestamp":"2026-02-03 18:19:12","url":"/api/rides/6981862e0033a75d09da6b31/details","userId":"guest"}
{"durationMs":66,"ip":"::1","level":"info","message":"HTTP Request","method":"GET","statusCode":304,"timestamp":"2026-02-03 18:19:13","url":"/api/rides/6981862e0033a75d09da6b31/details","userId":"guest"}
{"durationMs":41,"ip":"::1","level":"info","message":"HTTP Request","method":"GET","statusCode":304,"timestamp":"2026-02-03 18:19:14","url":"/api/rides/6981862e0033a75d09da6b31/details","userId":"guest"}
{"durationMs":55,"ip":"::1","level":"info","message":"HTTP Request","method":"GET","statusCode":304,"timestamp":"2026-02-03 18:19:15","url":"/api/rides/6981862e0033a75d09da6b31/details","userId":"guest"}
{"durationMs":63,"ip":"::1","level":"info","message":"HTTP Request","method":"GET","statusCode":304,"timestamp":"2026-02-03 18:19:23","url":"/api/rides/6981862e0033a75d09da6b31/details","userId":"guest"}
{"durationMs":72,"ip":"::1","level":"info","message":"HTTP Request","method":"GET","statusCode":304,"timestamp":"2026-02-03 18:19:59","url":"/api/rides/6981862e0033a75d09da6b31/details","userId":"guest"}
{"durationMs":74,"ip":"::1","level":"info","message":"HTTP Request","method":"GET","statusCode":304,"timestamp":"2026-02-03 18:21:55","url":"/api/rides/6981862e0033a75d09da6b31/details","userId":"guest"}
{"durationMs":70,"ip":"::1","level":"info","message":"HTTP Request","method":"GET","statusCode":304,"timestamp":"2026-02-03 18:22:13","url":"/api/rides/6981862e0033a75d09da6b31/details","userId":"guest"}
{"durationMs":60,"ip":"::1","level":"info","message":"HTTP Request","method":"GET","statusCode":304,"timestamp":"2026-02-03 18:22:54","url":"/api/rides/6981862e0033a75d09da6b31/details","userId":"guest"}
{"durationMs":89,"ip":"::1","level":"info","message":"HTTP Request","method":"GET","statusCode":304,"timestamp":"2026-02-03 18:23:30","url":"/api/rides/6981862e0033a75d09da6b31/details","userId":"guest"}
{"ip":"::1","level":"error","message":"Unhandled Error You cannot book your own ride","method":"POST","stack":"Error: You cannot book your own ride\n    at prepareBooking (file:///home/tej/Desktop/my_work/go2gather_project/backend/src/controllers/bookingController.js:28:19)\n    at process.processTicksAndRejections (node:internal/process/task_queues:95:5)","statusCode":403,"timestamp":"2026-02-03 18:23:38","url":"/api/bookings/prepare","userId":"69661d453047dd0a27caae16"}
{"durationMs":71,"ip":"::1","level":"info","message":"HTTP Request","method":"POST","statusCode":403,"timestamp":"2026-02-03 18:23:38","url":"/api/bookings/prepare","userId":"69661d453047dd0a27caae16"}
{"durationMs":8,"ip":"::1","level":"info","message":"HTTP Request","method":"GET","statusCode":200,"timestamp":"2026-02-03 18:23:41","url":"/api/chat/conversations","userId":"69661d453047dd0a27caae16"}
{"durationMs":8,"ip":"::1","level":"info","message":"HTTP Request","method":"PATCH","statusCode":200,"timestamp":"2026-02-03 18:23:44","url":"/api/chat/conversations/697c8659e4310462e37b143f/read","userId":"69661d453047dd0a27caae16"}
{"durationMs":8,"ip":"::1","level":"info","message":"HTTP Request","method":"PATCH","statusCode":200,"timestamp":"2026-02-03 18:23:44","url":"/api/chat/conversations/697c8659e4310462e37b143f/read","userId":"69661d453047dd0a27caae16"}
{"durationMs":6,"ip":"::1","level":"info","message":"HTTP Request","method":"GET","statusCode":200,"timestamp":"2026-02-03 18:23:44","url":"/api/chat/messages/697c8659e4310462e37b143f","userId":"69661d453047dd0a27caae16"}
{"durationMs":23,"ip":"::1","level":"info","message":"HTTP Request","method":"POST","statusCode":201,"timestamp":"2026-02-03 18:23:50","url":"/api/chat/message","userId":"69661d453047dd0a27caae16"}
{"durationMs":5,"ip":"::1","level":"info","message":"HTTP Request","method":"GET","statusCode":200,"timestamp":"2026-02-03 18:23:50","url":"/api/chat/messages/697c8659e4310462e37b143f","userId":"69661d453047dd0a27caae16"}
{"durationMs":6,"ip":"::1","level":"info","message":"HTTP Request","method":"GET","statusCode":200,"timestamp":"2026-02-03 18:24:05","url":"/api/rides/my-publications","userId":"69661d453047dd0a27caae16"}
{"durationMs":17,"ip":"::1","level":"info","message":"HTTP Request","method":"GET","statusCode":200,"timestamp":"2026-02-03 18:24:05","url":"/api/bookings/my","userId":"69661d453047dd0a27caae16"}
{"durationMs":46,"ip":"::1","level":"info","message":"HTTP Request","method":"GET","statusCode":200,"timestamp":"2026-02-03 18:24:07","url":"/api/bookings/696f70cd8acf2ed553cd49aa","userId":"69661d453047dd0a27caae16"}
{"durationMs":7,"ip":"::1","level":"info","message":"HTTP Request","method":"GET","statusCode":304,"timestamp":"2026-02-03 18:24:10","url":"/api/rides/my-publications","userId":"69661d453047dd0a27caae16"}
{"durationMs":17,"ip":"::1","level":"info","message":"HTTP Request","method":"GET","statusCode":304,"timestamp":"2026-02-03 18:24:10","url":"/api/bookings/my","userId":"69661d453047dd0a27caae16"}
{"durationMs":12,"ip":"::1","level":"info","message":"HTTP Request","method":"GET","statusCode":304,"timestamp":"2026-02-03 18:24:11","url":"/api/rides/my-publications","userId":"69661d453047dd0a27caae16"}
{"durationMs":49,"ip":"::1","level":"info","message":"HTTP Request","method":"GET","statusCode":200,"timestamp":"2026-02-03 18:24:11","url":"/api/rides/my-publication/6981862e0033a75d09da6b31","userId":"69661d453047dd0a27caae16"}
{"durationMs":11,"ip":"::1","level":"info","message":"HTTP Request","method":"GET","statusCode":304,"timestamp":"2026-02-03 18:24:37","url":"/api/rides/my-publications","userId":"69661d453047dd0a27caae16"}
{"durationMs":19,"ip":"::1","level":"info","message":"HTTP Request","method":"GET","statusCode":304,"timestamp":"2026-02-03 18:24:37","url":"/api/bookings/my","userId":"69661d453047dd0a27caae16"}
{"durationMs":4,"ip":"::1","level":"info","message":"HTTP Request","method":"GET","statusCode":304,"timestamp":"2026-02-03 18:24:40","url":"/api/rides/my-publications","userId":"69661d453047dd0a27caae16"}
{"durationMs":12,"ip":"::1","level":"info","message":"HTTP Request","method":"GET","statusCode":304,"timestamp":"2026-02-03 18:24:42","url":"/api/bookings/my","userId":"69661d453047dd0a27caae16"}
{"durationMs":4,"ip":"::1","level":"info","message":"HTTP Request","method":"GET","statusCode":304,"timestamp":"2026-02-03 18:24:42","url":"/api/rides/my-publications","userId":"69661d453047dd0a27caae16"}
{"durationMs":8,"ip":"::1","level":"info","message":"HTTP Request","method":"GET","statusCode":304,"timestamp":"2026-02-03 18:24:45","url":"/api/bookings/my","userId":"69661d453047dd0a27caae16"}
{"durationMs":10,"ip":"::1","level":"info","message":"HTTP Request","method":"GET","statusCode":304,"timestamp":"2026-02-03 18:24:47","url":"/api/rides/my-publications","userId":"69661d453047dd0a27caae16"}
{"durationMs":60,"ip":"::1","level":"info","message":"HTTP Request","method":"GET","statusCode":304,"timestamp":"2026-02-03 18:24:50","url":"/api/rides/my-publication/6981862e0033a75d09da6b31","userId":"69661d453047dd0a27caae16"}
{"durationMs":95,"ip":"::1","level":"info","message":"HTTP Request","method":"GET","statusCode":304,"timestamp":"2026-02-03 18:25:13","url":"/api/rides/my-publication/6981862e0033a75d09da6b31","userId":"69661d453047dd0a27caae16"}
{"durationMs":10,"ip":"::1","level":"info","message":"HTTP Request","method":"GET","statusCode":304,"timestamp":"2026-02-03 18:26:00","url":"/api/rides/my-publications","userId":"69661d453047dd0a27caae16"}
{"durationMs":21,"ip":"::1","level":"info","message":"HTTP Request","method":"GET","statusCode":304,"timestamp":"2026-02-03 18:26:00","url":"/api/bookings/my","userId":"69661d453047dd0a27caae16"}
{"durationMs":43,"ip":"::1","level":"info","message":"HTTP Request","method":"GET","statusCode":200,"timestamp":"2026-02-03 18:26:01","url":"/api/bookings/696f4d26676097ae2dbd6f58","userId":"69661d453047dd0a27caae16"}
{"durationMs":7,"ip":"::1","level":"info","message":"HTTP Request","method":"GET","statusCode":304,"timestamp":"2026-02-03 18:26:04","url":"/api/rides/my-publications","userId":"69661d453047dd0a27caae16"}
{"durationMs":17,"ip":"::1","level":"info","message":"HTTP Request","method":"GET","statusCode":304,"timestamp":"2026-02-03 18:26:04","url":"/api/bookings/my","userId":"69661d453047dd0a27caae16"}
{"durationMs":8,"ip":"::1","level":"info","message":"HTTP Request","method":"GET","statusCode":304,"timestamp":"2026-02-03 18:26:05","url":"/api/rides/my-publications","userId":"69661d453047dd0a27caae16"}
{"durationMs":38,"ip":"::1","level":"info","message":"HTTP Request","method":"GET","statusCode":304,"timestamp":"2026-02-03 18:26:07","url":"/api/rides/my-publication/69673ab335728e3cc0d2caf8","userId":"69661d453047dd0a27caae16"}
{"durationMs":9,"ip":"::1","level":"info","message":"HTTP Request","method":"GET","statusCode":304,"timestamp":"2026-02-03 18:26:43","url":"/api/rides/my-publications","userId":"69661d453047dd0a27caae16"}
{"durationMs":23,"ip":"::1","level":"info","message":"HTTP Request","method":"GET","statusCode":304,"timestamp":"2026-02-03 18:26:43","url":"/api/bookings/my","userId":"69661d453047dd0a27caae16"}
{"durationMs":45,"ip":"::1","level":"info","message":"HTTP Request","method":"GET","statusCode":304,"timestamp":"2026-02-03 18:26:44","url":"/api/bookings/696f70cd8acf2ed553cd49aa","userId":"69661d453047dd0a27caae16"}
{"durationMs":22,"ip":"::1","level":"info","message":"HTTP Request","method":"GET","statusCode":304,"timestamp":"2026-02-03 18:30:44","url":"/api/rides/my-publications","userId":"69661d453047dd0a27caae16"}
{"durationMs":41,"ip":"::1","level":"info","message":"HTTP Request","method":"GET","statusCode":304,"timestamp":"2026-02-03 18:30:44","url":"/api/bookings/my","userId":"69661d453047dd0a27caae16"}
{"durationMs":8,"ip":"::1","level":"info","message":"HTTP Request","method":"GET","statusCode":304,"timestamp":"2026-02-03 18:30:45","url":"/api/rides/my-publications","userId":"69661d453047dd0a27caae16"}
{"durationMs":58,"ip":"::1","level":"info","message":"HTTP Request","method":"GET","statusCode":200,"timestamp":"2026-02-03 18:30:48","url":"/api/rides/my-publication/69673ab335728e3cc0d2caf8","userId":"69661d453047dd0a27caae16"}
{"durationMs":65,"ip":"::1","level":"info","message":"HTTP Request","method":"GET","statusCode":304,"timestamp":"2026-02-03 18:30:53","url":"/api/rides/my-publication/69673ab335728e3cc0d2caf8","userId":"69661d453047dd0a27caae16"}
{"durationMs":55,"ip":"::1","level":"info","message":"HTTP Request","method":"GET","statusCode":304,"timestamp":"2026-02-03 18:34:32","url":"/api/rides/my-publication/69673ab335728e3cc0d2caf8","userId":"69661d453047dd0a27caae16"}
{"durationMs":86,"ip":"::1","level":"info","message":"HTTP Request","method":"GET","statusCode":304,"timestamp":"2026-02-03 18:35:11","url":"/api/rides/my-publication/69673ab335728e3cc0d2caf8","userId":"69661d453047dd0a27caae16"}
{"durationMs":44,"ip":"::1","level":"info","message":"HTTP Request","method":"GET","statusCode":304,"timestamp":"2026-02-03 18:35:16","url":"/api/rides/my-publication/69673ab335728e3cc0d2caf8","userId":"69661d453047dd0a27caae16"}
{"durationMs":53,"ip":"::1","level":"info","message":"HTTP Request","method":"GET","statusCode":304,"timestamp":"2026-02-03 18:35:58","url":"/api/rides/my-publication/69673ab335728e3cc0d2caf8","userId":"69661d453047dd0a27caae16"}
{"durationMs":77,"ip":"::1","level":"info","message":"HTTP Request","method":"GET","statusCode":304,"timestamp":"2026-02-03 18:36:32","url":"/api/rides/my-publication/69673ab335728e3cc0d2caf8","userId":"69661d453047dd0a27caae16"}
{"durationMs":38,"ip":"::1","level":"info","message":"HTTP Request","method":"GET","statusCode":304,"timestamp":"2026-02-03 18:36:51","url":"/api/rides/my-publication/69673ab335728e3cc0d2caf8","userId":"69661d453047dd0a27caae16"}
{"durationMs":61,"ip":"::1","level":"info","message":"HTTP Request","method":"GET","statusCode":304,"timestamp":"2026-02-03 18:38:10","url":"/api/rides/my-publication/69673ab335728e3cc0d2caf8","userId":"69661d453047dd0a27caae16"}
{"durationMs":58,"ip":"::1","level":"info","message":"HTTP Request","method":"GET","statusCode":304,"timestamp":"2026-02-03 18:40:16","url":"/api/rides/my-publication/69673ab335728e3cc0d2caf8","userId":"69661d453047dd0a27caae16"}
{"durationMs":34,"ip":"::1","level":"info","message":"HTTP Request","method":"GET","statusCode":304,"timestamp":"2026-02-03 18:43:56","url":"/api/rides/my-publication/69673ab335728e3cc0d2caf8","userId":"69661d453047dd0a27caae16"}
{"durationMs":15,"ip":"::1","level":"info","message":"HTTP Request","method":"POST","statusCode":200,"timestamp":"2026-02-03 18:46:09","url":"/api/chat/conversation","userId":"69661d453047dd0a27caae16"}
{"durationMs":12,"ip":"::1","level":"info","message":"HTTP Request","method":"PATCH","statusCode":200,"timestamp":"2026-02-03 18:46:09","url":"/api/chat/conversations/697c8659e4310462e37b143f/read","userId":"69661d453047dd0a27caae16"}
{"durationMs":14,"ip":"::1","level":"info","message":"HTTP Request","method":"PATCH","statusCode":200,"timestamp":"2026-02-03 18:46:09","url":"/api/chat/conversations/697c8659e4310462e37b143f/read","userId":"69661d453047dd0a27caae16"}
{"durationMs":15,"ip":"::1","level":"info","message":"HTTP Request","method":"GET","statusCode":304,"timestamp":"2026-02-03 18:46:09","url":"/api/chat/messages/697c8659e4310462e37b143f","userId":"69661d453047dd0a27caae16"}
{"durationMs":49,"ip":"::1","level":"info","message":"HTTP Request","method":"GET","statusCode":304,"timestamp":"2026-02-03 18:46:13","url":"/api/rides/my-publication/69673ab335728e3cc0d2caf8","userId":"69661d453047dd0a27caae16"}
{"durationMs":9,"ip":"::1","level":"info","message":"HTTP Request","method":"POST","statusCode":200,"timestamp":"2026-02-03 18:46:14","url":"/api/chat/conversation","userId":"69661d453047dd0a27caae16"}
{"durationMs":9,"ip":"::1","level":"info","message":"HTTP Request","method":"PATCH","statusCode":200,"timestamp":"2026-02-03 18:46:14","url":"/api/chat/conversations/6981f51e9310f4d73745aebf/read","userId":"69661d453047dd0a27caae16"}
{"durationMs":9,"ip":"::1","level":"info","message":"HTTP Request","method":"GET","statusCode":200,"timestamp":"2026-02-03 18:46:14","url":"/api/chat/messages/6981f51e9310f4d73745aebf","userId":"69661d453047dd0a27caae16"}
{"durationMs":9,"ip":"::1","level":"info","message":"HTTP Request","method":"PATCH","statusCode":200,"timestamp":"2026-02-03 18:46:14","url":"/api/chat/conversations/6981f51e9310f4d73745aebf/read","userId":"69661d453047dd0a27caae16"}
{"durationMs":13,"ip":"::1","level":"info","message":"HTTP Request","method":"POST","statusCode":201,"timestamp":"2026-02-03 18:46:19","url":"/api/chat/message","userId":"69661d453047dd0a27caae16"}
{"durationMs":8,"ip":"::1","level":"info","message":"HTTP Request","method":"GET","statusCode":200,"timestamp":"2026-02-03 18:46:19","url":"/api/chat/messages/6981f51e9310f4d73745aebf","userId":"69661d453047dd0a27caae16"}
{"durationMs":41,"ip":"::1","level":"info","message":"HTTP Request","method":"GET","statusCode":304,"timestamp":"2026-02-03 18:46:21","url":"/api/rides/my-publication/69673ab335728e3cc0d2caf8","userId":"69661d453047dd0a27caae16"}
{"ip":"::1","level":"error","message":"Unhandled Error Invalid credentials","method":"POST","stack":"Error: Invalid credentials\n    at loginUser (file:///home/tej/Desktop/my_work/go2gather_project/backend/src/controllers/authController.js:67:19)","statusCode":401,"timestamp":"2026-02-03 18:46:34","url":"/api/auth/login","userId":"guest"}
{"durationMs":71,"ip":"::1","level":"info","message":"HTTP Request","method":"POST","statusCode":401,"timestamp":"2026-02-03 18:46:34","url":"/api/auth/login","userId":"guest"}
{"durationMs":97,"ip":"::1","level":"info","message":"HTTP Request","method":"POST","statusCode":200,"timestamp":"2026-02-03 18:46:39","url":"/api/auth/login","userId":"guest"}
{"durationMs":14,"ip":"::1","level":"info","message":"HTTP Request","method":"GET","statusCode":200,"timestamp":"2026-02-03 18:46:46","url":"/api/bookings/my","userId":"6964e16e058c4379c161c247"}
{"durationMs":18,"ip":"::1","level":"info","message":"HTTP Request","method":"GET","statusCode":200,"timestamp":"2026-02-03 18:46:46","url":"/api/rides/my-publications","userId":"6964e16e058c4379c161c247"}
{"durationMs":6,"ip":"::1","level":"info","message":"HTTP Request","method":"GET","statusCode":304,"timestamp":"2026-02-03 18:46:48","url":"/api/rides/my-publications","userId":"6964e16e058c4379c161c247"}
{"durationMs":82,"ip":"::1","level":"info","message":"HTTP Request","method":"GET","statusCode":200,"timestamp":"2026-02-03 18:46:49","url":"/api/rides/my-publication/696f5bef676097ae2dbd7096","userId":"6964e16e058c4379c161c247"}
{"durationMs":8,"ip":"::1","level":"info","message":"HTTP Request","method":"GET","statusCode":304,"timestamp":"2026-02-03 18:47:08","url":"/api/rides/my-publications","userId":"6964e16e058c4379c161c247"}
{"durationMs":15,"ip":"::1","level":"info","message":"HTTP Request","method":"GET","statusCode":304,"timestamp":"2026-02-03 18:47:08","url":"/api/bookings/my","userId":"6964e16e058c4379c161c247"}
{"durationMs":11,"ip":"::1","level":"info","message":"HTTP Request","method":"GET","statusCode":304,"timestamp":"2026-02-03 18:47:42","url":"/api/bookings/6969f02719f55ebff66cb731","userId":"6964e16e058c4379c161c247"}
{"durationMs":8,"ip":"::1","level":"info","message":"HTTP Request","method":"GET","statusCode":304,"timestamp":"2026-02-03 18:47:46","url":"/api/rides/my-publications","userId":"6964e16e058c4379c161c247"}
{"durationMs":16,"ip":"::1","level":"info","message":"HTTP Request","method":"GET","statusCode":304,"timestamp":"2026-02-03 18:47:46","url":"/api/bookings/my","userId":"6964e16e058c4379c161c247"}
{"durationMs":7,"ip":"::1","level":"info","message":"HTTP Request","method":"GET","statusCode":304,"timestamp":"2026-02-03 18:47:47","url":"/api/rides/my-publications","userId":"6964e16e058c4379c161c247"}
{"durationMs":37,"ip":"::1","level":"info","message":"HTTP Request","method":"GET","statusCode":200,"timestamp":"2026-02-03 18:47:48","url":"/api/rides/my-publication/696f5efb676097ae2dbd70c9","userId":"6964e16e058c4379c161c247"}
{"durationMs":10,"ip":"::1","level":"info","message":"HTTP Request","method":"GET","statusCode":304,"timestamp":"2026-02-03 18:47:51","url":"/api/rides/my-publications","userId":"6964e16e058c4379c161c247"}
{"durationMs":17,"ip":"::1","level":"info","message":"HTTP Request","method":"GET","statusCode":304,"timestamp":"2026-02-03 18:47:51","url":"/api/bookings/my","userId":"6964e16e058c4379c161c247"}
{"durationMs":6,"ip":"::1","level":"info","message":"HTTP Request","method":"GET","statusCode":304,"timestamp":"2026-02-03 18:47:52","url":"/api/rides/my-publications","userId":"6964e16e058c4379c161c247"}
{"durationMs":39,"ip":"::1","level":"info","message":"HTTP Request","method":"GET","statusCode":304,"timestamp":"2026-02-03 18:47:53","url":"/api/rides/my-publication/696f5bef676097ae2dbd7096","userId":"6964e16e058c4379c161c247"}
{"durationMs":39,"ip":"::1","level":"info","message":"HTTP Request","method":"GET","statusCode":304,"timestamp":"2026-02-03 18:47:56","url":"/api/rides/my-publication/696f5bef676097ae2dbd7096","userId":"6964e16e058c4379c161c247"}
{"durationMs":7,"ip":"::1","level":"info","message":"HTTP Request","method":"GET","statusCode":304,"timestamp":"2026-02-03 18:47:58","url":"/api/rides/my-publications","userId":"6964e16e058c4379c161c247"}
{"durationMs":14,"ip":"::1","level":"info","message":"HTTP Request","method":"GET","statusCode":304,"timestamp":"2026-02-03 18:47:58","url":"/api/bookings/my","userId":"6964e16e058c4379c161c247"}
{"durationMs":7,"ip":"::1","level":"info","message":"HTTP Request","method":"GET","statusCode":304,"timestamp":"2026-02-03 18:49:00","url":"/api/rides/my-publications","userId":"6964e16e058c4379c161c247"}
{"durationMs":42,"ip":"::1","level":"info","message":"HTTP Request","method":"GET","statusCode":304,"timestamp":"2026-02-03 18:49:00","url":"/api/rides/my-publication/696f5efb676097ae2dbd70c9","userId":"6964e16e058c4379c161c247"}
{"durationMs":10,"ip":"::1","level":"info","message":"HTTP Request","method":"GET","statusCode":304,"timestamp":"2026-02-03 18:49:04","url":"/api/rides/my-publications","userId":"6964e16e058c4379c161c247"}
{"durationMs":13,"ip":"::1","level":"info","message":"HTTP Request","method":"GET","statusCode":304,"timestamp":"2026-02-03 18:49:04","url":"/api/bookings/my","userId":"6964e16e058c4379c161c247"}
{"durationMs":38,"ip":"::1","level":"info","message":"HTTP Request","method":"GET","statusCode":304,"timestamp":"2026-02-03 18:49:05","url":"/api/bookings/6968e68d8d2b4d58aa94fe6c","userId":"6964e16e058c4379c161c247"}
{"durationMs":10,"ip":"::1","level":"info","message":"HTTP Request","method":"GET","statusCode":304,"timestamp":"2026-02-03 18:49:07","url":"/api/rides/my-publications","userId":"6964e16e058c4379c161c247"}
{"durationMs":19,"ip":"::1","level":"info","message":"HTTP Request","method":"GET","statusCode":304,"timestamp":"2026-02-03 18:49:07","url":"/api/bookings/my","userId":"6964e16e058c4379c161c247"}
{"durationMs":10,"ip":"::1","level":"info","message":"HTTP Request","method":"GET","statusCode":304,"timestamp":"2026-02-03 18:49:08","url":"/api/rides/my-publications","userId":"6964e16e058c4379c161c247"}
{"durationMs":56,"ip":"::1","level":"info","message":"HTTP Request","method":"GET","statusCode":304,"timestamp":"2026-02-03 18:49:09","url":"/api/rides/my-publication/696f5bef676097ae2dbd7096","userId":"6964e16e058c4379c161c247"}
{"durationMs":13,"ip":"::1","level":"info","message":"HTTP Request","method":"GET","statusCode":304,"timestamp":"2026-02-03 18:49:11","url":"/api/rides/my-publications","userId":"6964e16e058c4379c161c247"}
{"durationMs":18,"ip":"::1","level":"info","message":"HTTP Request","method":"GET","statusCode":304,"timestamp":"2026-02-03 18:49:11","url":"/api/bookings/my","userId":"6964e16e058c4379c161c247"}
{"durationMs":5,"ip":"::1","level":"info","message":"HTTP Request","method":"GET","statusCode":304,"timestamp":"2026-02-03 18:49:12","url":"/api/rides/my-publications","userId":"6964e16e058c4379c161c247"}
{"durationMs":39,"ip":"::1","level":"info","message":"HTTP Request","method":"GET","statusCode":304,"timestamp":"2026-02-03 18:49:14","url":"/api/rides/my-publication/696f5bef676097ae2dbd7096","userId":"6964e16e058c4379c161c247"}
{"durationMs":71,"ip":"::1","level":"info","message":"HTTP Request","method":"GET","statusCode":304,"timestamp":"2026-02-03 18:49:52","url":"/api/rides/my-publication/696f5bef676097ae2dbd7096","userId":"6964e16e058c4379c161c247"}
{"durationMs":8,"ip":"::1","level":"info","message":"HTTP Request","method":"GET","statusCode":304,"timestamp":"2026-02-03 18:51:19","url":"/api/rides/my-publications","userId":"6964e16e058c4379c161c247"}
{"durationMs":16,"ip":"::1","level":"info","message":"HTTP Request","method":"GET","statusCode":304,"timestamp":"2026-02-03 18:51:19","url":"/api/bookings/my","userId":"6964e16e058c4379c161c247"}
{"durationMs":44,"ip":"::1","level":"info","message":"HTTP Request","method":"GET","statusCode":200,"timestamp":"2026-02-03 18:51:20","url":"/api/bookings/6968c93d8d2b4d58aa94fd4f","userId":"6964e16e058c4379c161c247"}
{"durationMs":66,"ip":"::1","level":"info","message":"HTTP Request","method":"GET","statusCode":304,"timestamp":"2026-02-03 19:06:41","url":"/api/bookings/6968c93d8d2b4d58aa94fd4f","userId":"6964e16e058c4379c161c247"}
{"durationMs":46,"ip":"::1","level":"info","message":"HTTP Request","method":"GET","statusCode":304,"timestamp":"2026-02-03 19:07:31","url":"/api/bookings/6968c93d8d2b4d58aa94fd4f","userId":"6964e16e058c4379c161c247"}
{"durationMs":10,"ip":"::1","level":"info","message":"HTTP Request","method":"GET","statusCode":304,"timestamp":"2026-02-03 19:08:13","url":"/api/rides/my-publications","userId":"6964e16e058c4379c161c247"}
{"durationMs":16,"ip":"::1","level":"info","message":"HTTP Request","method":"GET","statusCode":304,"timestamp":"2026-02-03 19:08:13","url":"/api/bookings/my","userId":"6964e16e058c4379c161c247"}
{"durationMs":11,"ip":"::1","level":"info","message":"HTTP Request","method":"GET","statusCode":304,"timestamp":"2026-02-03 19:08:15","url":"/api/bookings/6969f02719f55ebff66cb731","userId":"6964e16e058c4379c161c247"}
{"durationMs":13,"ip":"::1","level":"info","message":"HTTP Request","method":"GET","statusCode":304,"timestamp":"2026-02-03 19:08:51","url":"/api/bookings/6969f02719f55ebff66cb731","userId":"6964e16e058c4379c161c247"}
{"durationMs":17,"ip":"::1","level":"info","message":"HTTP Request","method":"POST","statusCode":200,"timestamp":"2026-02-03 19:12:00","url":"/api/chat/conversation","userId":"6964e16e058c4379c161c247"}
{"durationMs":10,"ip":"::1","level":"info","message":"HTTP Request","method":"PATCH","statusCode":200,"timestamp":"2026-02-03 19:12:00","url":"/api/chat/conversations/697ca5f87bfde497762b596f/read","userId":"6964e16e058c4379c161c247"}
{"durationMs":10,"ip":"::1","level":"info","message":"HTTP Request","method":"PATCH","statusCode":200,"timestamp":"2026-02-03 19:12:00","url":"/api/chat/conversations/697ca5f87bfde497762b596f/read","userId":"6964e16e058c4379c161c247"}
{"durationMs":6,"ip":"::1","level":"info","message":"HTTP Request","method":"GET","statusCode":304,"timestamp":"2026-02-03 19:12:00","url":"/api/chat/messages/697ca5f87bfde497762b596f","userId":"6964e16e058c4379c161c247"}
{"durationMs":13,"ip":"::1","level":"info","message":"HTTP Request","method":"GET","statusCode":304,"timestamp":"2026-02-03 19:12:03","url":"/api/bookings/6969f02719f55ebff66cb731","userId":"6964e16e058c4379c161c247"}
{"durationMs":9,"ip":"::1","level":"info","message":"HTTP Request","method":"GET","statusCode":304,"timestamp":"2026-02-03 19:12:07","url":"/api/rides/my-publications","userId":"6964e16e058c4379c161c247"}
{"durationMs":23,"ip":"::1","level":"info","message":"HTTP Request","method":"GET","statusCode":304,"timestamp":"2026-02-03 19:12:07","url":"/api/bookings/my","userId":"6964e16e058c4379c161c247"}
